2025-02-21T19:44:38.251+0900 [DEBUG] [org.gradle.launcher.daemon.bootstrap.DaemonMain] Assuming the daemon was started with following jvm opts: [-XX:MaxMetaspaceSize=384m, -XX:+HeapDumpOnOutOfMemoryError, -Xms256m, -Xmx512m, -Dfile.encoding=UTF-8, -Duser.country=US, -Duser.language=en, -Duser.variant]
2025-02-21T19:44:38.288+0900 [INFO] [org.gradle.launcher.daemon.server.Daemon] start() called on daemon - DefaultDaemonContext[uid=8b8adb48-5309-4abb-becb-bc1aba1e3f44,javaHome=/Library/Java/JavaVirtualMachines/jdk-17.jdk/Contents/Home,javaVersion=17,javaVendor=Oracle Corporation,daemonRegistryDir=/Users/beomseoklee/workspace/firstProject/webproject/daemon,pid=2655,idleTimeout=10800000,priority=NORMAL,applyInstrumentationAgent=true,nativeServicesMode=ENABLED,daemonOpts=-XX:MaxMetaspaceSize=384m,-XX:+HeapDumpOnOutOfMemoryError,-Xms256m,-Xmx512m,-Dfile.encoding=UTF-8,-Duser.country=US,-Duser.language=en,-Duser.variant]
2025-02-21T19:44:38.305+0900 [DEBUG] [org.gradle.internal.remote.internal.inet.InetAddresses] Adding IP addresses for network interface utun6
2025-02-21T19:44:38.305+0900 [DEBUG] [org.gradle.internal.remote.internal.inet.InetAddresses] Is this a loopback interface? false
2025-02-21T19:44:38.305+0900 [DEBUG] [org.gradle.internal.remote.internal.inet.InetAddresses] Adding remote address /fe80:0:0:0:3c2a:9f64:5b3d:fab9%utun6
2025-02-21T19:44:38.305+0900 [DEBUG] [org.gradle.internal.remote.internal.inet.InetAddresses] Adding IP addresses for network interface utun5
2025-02-21T19:44:38.305+0900 [DEBUG] [org.gradle.internal.remote.internal.inet.InetAddresses] Is this a loopback interface? false
2025-02-21T19:44:38.305+0900 [DEBUG] [org.gradle.internal.remote.internal.inet.InetAddresses] Adding remote address /fe80:0:0:0:53e3:ecf2:e118:a97e%utun5
2025-02-21T19:44:38.305+0900 [DEBUG] [org.gradle.internal.remote.internal.inet.InetAddresses] Adding IP addresses for network interface utun4
2025-02-21T19:44:38.306+0900 [DEBUG] [org.gradle.internal.remote.internal.inet.InetAddresses] Is this a loopback interface? false
2025-02-21T19:44:38.306+0900 [DEBUG] [org.gradle.internal.remote.internal.inet.InetAddresses] Adding remote address /fe80:0:0:0:6803:7d16:48b5:8f85%utun4
2025-02-21T19:44:38.306+0900 [DEBUG] [org.gradle.internal.remote.internal.inet.InetAddresses] Adding IP addresses for network interface utun3
2025-02-21T19:44:38.306+0900 [DEBUG] [org.gradle.internal.remote.internal.inet.InetAddresses] Is this a loopback interface? false
2025-02-21T19:44:38.306+0900 [DEBUG] [org.gradle.internal.remote.internal.inet.InetAddresses] Adding remote address /fe80:0:0:0:ce81:b1c:bd2c:69e%utun3
2025-02-21T19:44:38.306+0900 [DEBUG] [org.gradle.internal.remote.internal.inet.InetAddresses] Adding IP addresses for network interface utun2
2025-02-21T19:44:38.306+0900 [DEBUG] [org.gradle.internal.remote.internal.inet.InetAddresses] Is this a loopback interface? false
2025-02-21T19:44:38.306+0900 [DEBUG] [org.gradle.internal.remote.internal.inet.InetAddresses] Adding remote address /fe80:0:0:0:7c08:ebfd:5ca5:f8b8%utun2
2025-02-21T19:44:38.306+0900 [DEBUG] [org.gradle.internal.remote.internal.inet.InetAddresses] Adding IP addresses for network interface utun1
2025-02-21T19:44:38.306+0900 [DEBUG] [org.gradle.internal.remote.internal.inet.InetAddresses] Is this a loopback interface? false
2025-02-21T19:44:38.306+0900 [DEBUG] [org.gradle.internal.remote.internal.inet.InetAddresses] Adding remote address /fe80:0:0:0:a02:d280:361c:eef%utun1
2025-02-21T19:44:38.306+0900 [DEBUG] [org.gradle.internal.remote.internal.inet.InetAddresses] Adding IP addresses for network interface utun0
2025-02-21T19:44:38.307+0900 [DEBUG] [org.gradle.internal.remote.internal.inet.InetAddresses] Is this a loopback interface? false
2025-02-21T19:44:38.307+0900 [DEBUG] [org.gradle.internal.remote.internal.inet.InetAddresses] Adding remote address /fe80:0:0:0:4569:ed2a:c492:ce41%utun0
2025-02-21T19:44:38.307+0900 [DEBUG] [org.gradle.internal.remote.internal.inet.InetAddresses] Adding IP addresses for network interface llw0
2025-02-21T19:44:38.307+0900 [DEBUG] [org.gradle.internal.remote.internal.inet.InetAddresses] Is this a loopback interface? false
2025-02-21T19:44:38.307+0900 [DEBUG] [org.gradle.internal.remote.internal.inet.InetAddresses] Adding remote address /fe80:0:0:0:4:e2ff:febe:171d%llw0
2025-02-21T19:44:38.307+0900 [DEBUG] [org.gradle.internal.remote.internal.inet.InetAddresses] Adding IP addresses for network interface awdl0
2025-02-21T19:44:38.307+0900 [DEBUG] [org.gradle.internal.remote.internal.inet.InetAddresses] Is this a loopback interface? false
2025-02-21T19:44:38.307+0900 [DEBUG] [org.gradle.internal.remote.internal.inet.InetAddresses] Adding remote address /fe80:0:0:0:4:e2ff:febe:171d%awdl0
2025-02-21T19:44:38.307+0900 [DEBUG] [org.gradle.internal.remote.internal.inet.InetAddresses] Adding IP addresses for network interface anpi0
2025-02-21T19:44:38.307+0900 [DEBUG] [org.gradle.internal.remote.internal.inet.InetAddresses] Is this a loopback interface? false
2025-02-21T19:44:38.307+0900 [DEBUG] [org.gradle.internal.remote.internal.inet.InetAddresses] Adding remote address /fe80:0:0:0:f4bb:26ff:fe92:e60f%anpi0
2025-02-21T19:44:38.307+0900 [DEBUG] [org.gradle.internal.remote.internal.inet.InetAddresses] Adding IP addresses for network interface en0
2025-02-21T19:44:38.307+0900 [DEBUG] [org.gradle.internal.remote.internal.inet.InetAddresses] Is this a loopback interface? false
2025-02-21T19:44:38.307+0900 [DEBUG] [org.gradle.internal.remote.internal.inet.InetAddresses] Adding remote address /2a01:b747:532:314:8875:6c96:d21:2dd3%en0
2025-02-21T19:44:38.308+0900 [DEBUG] [org.gradle.internal.remote.internal.inet.InetAddresses] Adding remote address /2a01:b747:532:314:c4e:f48:5b7e:d4b7%en0
2025-02-21T19:44:38.308+0900 [DEBUG] [org.gradle.internal.remote.internal.inet.InetAddresses] Adding remote address /fe80:0:0:0:865:7cb5:68ed:9f29%en0
2025-02-21T19:44:38.308+0900 [DEBUG] [org.gradle.internal.remote.internal.inet.InetAddresses] Adding remote address /172.31.33.231
2025-02-21T19:44:38.308+0900 [DEBUG] [org.gradle.internal.remote.internal.inet.InetAddresses] Adding IP addresses for network interface bridge0
2025-02-21T19:44:38.308+0900 [DEBUG] [org.gradle.internal.remote.internal.inet.InetAddresses] Is this a loopback interface? false
2025-02-21T19:44:38.308+0900 [DEBUG] [org.gradle.internal.remote.internal.inet.InetAddresses] Adding remote address /fe80:0:0:0:18c3:7927:321f:d5fb%bridge0
2025-02-21T19:44:38.308+0900 [DEBUG] [org.gradle.internal.remote.internal.inet.InetAddresses] Adding remote address /169.254.106.204
2025-02-21T19:44:38.308+0900 [DEBUG] [org.gradle.internal.remote.internal.inet.InetAddresses] Adding IP addresses for network interface en4
2025-02-21T19:44:38.308+0900 [DEBUG] [org.gradle.internal.remote.internal.inet.InetAddresses] Is this a loopback interface? false
2025-02-21T19:44:38.308+0900 [DEBUG] [org.gradle.internal.remote.internal.inet.InetAddresses] Adding remote address /fe80:0:0:0:1c14:d4cb:c25:b643%en4
2025-02-21T19:44:38.308+0900 [DEBUG] [org.gradle.internal.remote.internal.inet.InetAddresses] Adding remote address /169.254.127.50
2025-02-21T19:44:38.308+0900 [DEBUG] [org.gradle.internal.remote.internal.inet.InetAddresses] Adding IP addresses for network interface lo0
2025-02-21T19:44:38.308+0900 [DEBUG] [org.gradle.internal.remote.internal.inet.InetAddresses] Is this a loopback interface? true
2025-02-21T19:44:38.308+0900 [DEBUG] [org.gradle.internal.remote.internal.inet.InetAddresses] Ignoring remote address on loopback interface /fe80:0:0:0:0:0:0:1%lo0
2025-02-21T19:44:38.308+0900 [DEBUG] [org.gradle.internal.remote.internal.inet.InetAddresses] Adding loopback address /0:0:0:0:0:0:0:1%lo0
2025-02-21T19:44:38.308+0900 [DEBUG] [org.gradle.internal.remote.internal.inet.InetAddresses] Adding loopback address /127.0.0.1
2025-02-21T19:44:38.311+0900 [DEBUG] [org.gradle.internal.remote.internal.inet.TcpIncomingConnector] Listening on [f058f8e7-b334-45de-b487-749dcceab9b0 port:49245, addresses:[localhost/127.0.0.1]].
2025-02-21T19:44:38.315+0900 [DEBUG] [org.gradle.launcher.daemon.server.Daemon] Daemon starting at: Fri Feb 21 19:44:38 KST 2025, with address: [f058f8e7-b334-45de-b487-749dcceab9b0 port:49245, addresses:[localhost/127.0.0.1]]
2025-02-21T19:44:38.315+0900 [INFO] [org.gradle.launcher.daemon.server.DaemonRegistryUpdater] Advertising the daemon address to the clients: [f058f8e7-b334-45de-b487-749dcceab9b0 port:49245, addresses:[localhost/127.0.0.1]]
2025-02-21T19:44:38.315+0900 [DEBUG] [org.gradle.launcher.daemon.server.DaemonRegistryUpdater] Advertised daemon context: DefaultDaemonContext[uid=8b8adb48-5309-4abb-becb-bc1aba1e3f44,javaHome=/Library/Java/JavaVirtualMachines/jdk-17.jdk/Contents/Home,javaVersion=17,javaVendor=Oracle Corporation,daemonRegistryDir=/Users/beomseoklee/workspace/firstProject/webproject/daemon,pid=2655,idleTimeout=10800000,priority=NORMAL,applyInstrumentationAgent=true,nativeServicesMode=ENABLED,daemonOpts=-XX:MaxMetaspaceSize=384m,-XX:+HeapDumpOnOutOfMemoryError,-Xms256m,-Xmx512m,-Dfile.encoding=UTF-8,-Duser.country=US,-Duser.language=en,-Duser.variant]
2025-02-21T19:44:38.316+0900 [DEBUG] [org.gradle.launcher.daemon.registry.PersistentDaemonRegistry] Storing daemon address: [f058f8e7-b334-45de-b487-749dcceab9b0 port:49245, addresses:[localhost/127.0.0.1]], context: DefaultDaemonContext[uid=8b8adb48-5309-4abb-becb-bc1aba1e3f44,javaHome=/Library/Java/JavaVirtualMachines/jdk-17.jdk/Contents/Home,javaVersion=17,javaVendor=Oracle Corporation,daemonRegistryDir=/Users/beomseoklee/workspace/firstProject/webproject/daemon,pid=2655,idleTimeout=10800000,priority=NORMAL,applyInstrumentationAgent=true,nativeServicesMode=ENABLED,daemonOpts=-XX:MaxMetaspaceSize=384m,-XX:+HeapDumpOnOutOfMemoryError,-Xms256m,-Xmx512m,-Dfile.encoding=UTF-8,-Duser.country=US,-Duser.language=en,-Duser.variant]
2025-02-21T19:44:38.324+0900 [DEBUG] [org.gradle.cache.internal.DefaultFileLockManager] Waiting to acquire exclusive lock on daemon addresses registry.
2025-02-21T19:44:38.325+0900 [DEBUG] [org.gradle.cache.internal.DefaultFileLockManager] Lock acquired on daemon addresses registry.
2025-02-21T19:44:38.326+0900 [DEBUG] [org.gradle.cache.internal.DefaultFileLockManager] Releasing lock on daemon addresses registry.
2025-02-21T19:44:38.327+0900 [LIFECYCLE] [org.gradle.launcher.daemon.server.Daemon] Daemon server started.
2025-02-21T19:44:38.327+0900 [DEBUG] [org.gradle.launcher.daemon.bootstrap.DaemonStartupCommunication] Completed writing the daemon greeting. Closing streams...
2025-02-21T19:44:38.329+0900 [DEBUG] [org.gradle.launcher.daemon.server.Daemon] stopOnExpiration() called on daemon
2025-02-21T19:44:38.330+0900 [DEBUG] [org.gradle.launcher.daemon.server.Daemon] awaitExpiration() called on daemon
2025-02-21T19:44:38.330+0900 [DEBUG] [org.gradle.launcher.daemon.server.DaemonStateCoordinator] daemon is running. Sleeping until state changes.
2025-02-21T19:44:38.330+0900 [DEBUG] [org.gradle.internal.remote.internal.inet.TcpIncomingConnector] Accepted connection from /127.0.0.1:49246 to /127.0.0.1:49245.
2025-02-21T19:44:38.347+0900 [DEBUG] [org.gradle.launcher.daemon.server.SynchronizedDispatchConnection] thread 21: received class org.gradle.launcher.daemon.protocol.Build
2025-02-21T19:44:38.347+0900 [DEBUG] [org.gradle.launcher.daemon.server.DefaultDaemonConnection] thread 21: Received non-IO message from client: Build{id=1639ef45-6286-47ba-bd64-07677888c405, currentDir=/Users/beomseoklee/workspace/firstProject/webproject}
2025-02-21T19:44:38.348+0900 [INFO] [org.gradle.launcher.daemon.server.DefaultIncomingConnectionHandler] Received command: Build{id=1639ef45-6286-47ba-bd64-07677888c405, currentDir=/Users/beomseoklee/workspace/firstProject/webproject}.
2025-02-21T19:44:38.348+0900 [DEBUG] [org.gradle.launcher.daemon.server.DefaultIncomingConnectionHandler] Starting executing command: Build{id=1639ef45-6286-47ba-bd64-07677888c405, currentDir=/Users/beomseoklee/workspace/firstProject/webproject} with connection: socket connection from /127.0.0.1:49245 to /127.0.0.1:49246.
2025-02-21T19:44:38.349+0900 [DEBUG] [org.gradle.launcher.daemon.server.DaemonStateCoordinator] Command execution: started DaemonCommandExecution[command = Build{id=1639ef45-6286-47ba-bd64-07677888c405, currentDir=/Users/beomseoklee/workspace/firstProject/webproject}, connection = DefaultDaemonConnection: socket connection from /127.0.0.1:49245 to /127.0.0.1:49246] after 8.833333333333333E-4 minutes of idle
2025-02-21T19:44:38.349+0900 [INFO] [org.gradle.launcher.daemon.server.DaemonRegistryUpdater] Marking the daemon as busy, address: [f058f8e7-b334-45de-b487-749dcceab9b0 port:49245, addresses:[localhost/127.0.0.1]]
2025-02-21T19:44:38.349+0900 [DEBUG] [org.gradle.launcher.daemon.registry.PersistentDaemonRegistry] Marking busy by address: [f058f8e7-b334-45de-b487-749dcceab9b0 port:49245, addresses:[localhost/127.0.0.1]]
2025-02-21T19:44:38.349+0900 [DEBUG] [org.gradle.cache.internal.DefaultFileLockManager] Waiting to acquire exclusive lock on daemon addresses registry.
2025-02-21T19:44:38.349+0900 [DEBUG] [org.gradle.cache.internal.DefaultFileLockManager] Lock acquired on daemon addresses registry.
2025-02-21T19:44:38.349+0900 [DEBUG] [org.gradle.cache.internal.DefaultFileLockManager] Releasing lock on daemon addresses registry.
2025-02-21T19:44:38.349+0900 [DEBUG] [org.gradle.launcher.daemon.server.DaemonStateCoordinator] resetting idle timer
2025-02-21T19:44:38.349+0900 [DEBUG] [org.gradle.launcher.daemon.server.DaemonStateCoordinator] daemon is running. Sleeping until state changes.
2025-02-21T19:44:38.350+0900 [INFO] [org.gradle.launcher.daemon.server.exec.StartBuildOrRespondWithBusy] Daemon is about to start building Build{id=1639ef45-6286-47ba-bd64-07677888c405, currentDir=/Users/beomseoklee/workspace/firstProject/webproject}. Dispatching build started information...
2025-02-21T19:44:38.350+0900 [DEBUG] [org.gradle.launcher.daemon.server.SynchronizedDispatchConnection] thread 23: dispatching org.gradle.launcher.daemon.protocol.BuildStarted@27202fcf
2025-02-21T19:44:38.350+0900 [DEBUG] [org.gradle.launcher.daemon.server.exec.EstablishBuildEnvironment] Configuring env variables: [PATH, __CFBundleIdentifier, SHELL, PAGER, LSCOLORS, JAVA_HOME, OLDPWD, USER, ZSH, COMMAND_MODE, TMPDIR, SSH_AUTH_SOCK, XPC_FLAGS, __CF_USER_TEXT_ENCODING, LESS, LOGNAME, LC_CTYPE, LS_COLORS, XPC_SERVICE_NAME, HOME]
2025-02-21T19:44:38.351+0900 [DEBUG] [org.gradle.launcher.daemon.server.exec.LogToClient] About to start relaying all logs to the client via the connection.
2025-02-21T19:44:38.351+0900 [INFO] [org.gradle.launcher.daemon.server.exec.LogToClient] The client will now receive all logging from the daemon (pid: 2655). The daemon log file: /Users/beomseoklee/workspace/firstProject/webproject/daemon/8.11.1/daemon-2655.out.log
2025-02-21T19:44:38.352+0900 [INFO] [org.gradle.launcher.daemon.server.exec.LogAndCheckHealth] Starting build in new daemon [memory: 512 MiB]
2025-02-21T19:44:38.352+0900 [DEBUG] [org.gradle.launcher.daemon.server.exec.ExecuteBuild] The daemon has started executing the build.
2025-02-21T19:44:38.353+0900 [DEBUG] [org.gradle.launcher.daemon.server.exec.ExecuteBuild] Executing build with daemon context: DefaultDaemonContext[uid=8b8adb48-5309-4abb-becb-bc1aba1e3f44,javaHome=/Library/Java/JavaVirtualMachines/jdk-17.jdk/Contents/Home,javaVersion=17,javaVendor=Oracle Corporation,daemonRegistryDir=/Users/beomseoklee/workspace/firstProject/webproject/daemon,pid=2655,idleTimeout=10800000,priority=NORMAL,applyInstrumentationAgent=true,nativeServicesMode=ENABLED,daemonOpts=-XX:MaxMetaspaceSize=384m,-XX:+HeapDumpOnOutOfMemoryError,-Xms256m,-Xmx512m,-Dfile.encoding=UTF-8,-Duser.country=US,-Duser.language=en,-Duser.variant]

BUILD SUCCESSFUL in 3s
2025-02-21T19:44:41.328+0900 [DEBUG] [org.gradle.launcher.daemon.server.exec.ExecuteBuild] The daemon has finished executing the build.
2025-02-21T19:44:41.334+0900 [DEBUG] [org.gradle.launcher.daemon.server.DaemonStateCoordinator] daemon is running. Sleeping until state changes.
2025-02-21T19:44:41.334+0900 [DEBUG] [org.gradle.launcher.daemon.server.DaemonStateCoordinator] Command execution: finished waiting for DaemonCommandExecution[command = Build{id=1639ef45-6286-47ba-bd64-07677888c405, currentDir=/Users/beomseoklee/workspace/firstProject/webproject}, connection = DefaultDaemonConnection: socket connection from /127.0.0.1:49245 to /127.0.0.1:49246]. Result org.gradle.launcher.daemon.server.DaemonStateCoordinator@6df11246 with state Busy
2025-02-21T19:44:41.334+0900 [DEBUG] [org.gradle.launcher.daemon.server.DaemonStateCoordinator] Command execution: completed DaemonCommandExecution[command = Build{id=1639ef45-6286-47ba-bd64-07677888c405, currentDir=/Users/beomseoklee/workspace/firstProject/webproject}, connection = DefaultDaemonConnection: socket connection from /127.0.0.1:49245 to /127.0.0.1:49246]
2025-02-21T19:44:41.334+0900 [DEBUG] [org.gradle.launcher.daemon.server.DaemonStateCoordinator] resetting idle timer
2025-02-21T19:44:41.334+0900 [INFO] [org.gradle.launcher.daemon.server.DaemonRegistryUpdater] Marking the daemon as idle, address: [f058f8e7-b334-45de-b487-749dcceab9b0 port:49245, addresses:[localhost/127.0.0.1]]
2025-02-21T19:44:41.334+0900 [DEBUG] [org.gradle.launcher.daemon.registry.PersistentDaemonRegistry] Marking busy by address: [f058f8e7-b334-45de-b487-749dcceab9b0 port:49245, addresses:[localhost/127.0.0.1]]
2025-02-21T19:44:41.334+0900 [DEBUG] [org.gradle.cache.internal.DefaultFileLockManager] Waiting to acquire exclusive lock on daemon addresses registry.
2025-02-21T19:44:41.334+0900 [DEBUG] [org.gradle.cache.internal.DefaultFileLockManager] Lock acquired on daemon addresses registry.
2025-02-21T19:44:41.334+0900 [DEBUG] [org.gradle.cache.internal.DefaultFileLockManager] Releasing lock on daemon addresses registry.
2025-02-21T19:44:41.334+0900 [DEBUG] [org.gradle.launcher.daemon.server.DaemonStateCoordinator] daemon is running. Sleeping until state changes.
2025-02-21T19:44:41.335+0900 [DEBUG] [org.gradle.launcher.daemon.server.exec.ReturnResult] Daemon is dispatching the build result: Success[value=org.gradle.launcher.exec.BuildActionResult@3520f7a3]
2025-02-21T19:44:41.335+0900 [DEBUG] [org.gradle.launcher.daemon.server.SynchronizedDispatchConnection] thread 20: dispatching Success[value=org.gradle.launcher.exec.BuildActionResult@3520f7a3]
2025-02-21T19:44:41.335+0900 [DEBUG] [org.gradle.launcher.daemon.server.exec.CleanUpVirtualFileSystemAfterBuild] Cleaning virtual file system after build finished
2025-02-21T19:44:41.335+0900 [DEBUG] [org.gradle.launcher.daemon.server.SynchronizedDispatchConnection] thread 21: received class org.gradle.launcher.daemon.protocol.CloseInput
2025-02-21T19:44:41.335+0900 [DEBUG] [org.gradle.launcher.daemon.server.DefaultIncomingConnectionHandler] Finishing executing command: Build{id=1639ef45-6286-47ba-bd64-07677888c405, currentDir=/Users/beomseoklee/workspace/firstProject/webproject}
2025-02-21T19:44:41.335+0900 [DEBUG] [org.gradle.launcher.daemon.server.DefaultDaemonConnection] thread 21: Received IO message from client: org.gradle.launcher.daemon.protocol.CloseInput@31e70761
2025-02-21T19:44:41.335+0900 [DEBUG] [org.gradle.launcher.daemon.server.SynchronizedDispatchConnection] thread 21: received class org.gradle.launcher.daemon.protocol.Finished
2025-02-21T19:44:41.335+0900 [DEBUG] [org.gradle.launcher.daemon.server.DefaultDaemonConnection] thread 21: Received non-IO message from client: org.gradle.launcher.daemon.protocol.Finished@5e17acf7
2025-02-21T19:44:41.335+0900 [DEBUG] [org.gradle.launcher.daemon.server.DefaultIncomingConnectionHandler] Received finished message: org.gradle.launcher.daemon.protocol.Finished@5e17acf7
2025-02-21T19:44:41.335+0900 [DEBUG] [org.gradle.launcher.daemon.server.SynchronizedDispatchConnection] thread 20: stopping connection
2025-02-21T19:44:41.336+0900 [DEBUG] [org.gradle.internal.remote.internal.inet.SocketConnection] Discarding EOFException: java.io.EOFException
2025-02-21T19:44:41.336+0900 [DEBUG] [org.gradle.launcher.daemon.server.SynchronizedDispatchConnection] thread 21: received null
2025-02-21T19:44:41.336+0900 [DEBUG] [org.gradle.launcher.daemon.server.DefaultDaemonConnection] thread 21: Received end-of-input from client.
2025-02-21T19:44:41.337+0900 [DEBUG] [org.gradle.launcher.daemon.server.SynchronizedDispatchConnection] thread 20: stopping connection
2025-02-21T19:44:48.336+0900 [DEBUG] [org.gradle.cache.internal.DefaultFileLockManager] Waiting to acquire shared lock on daemon addresses registry.
2025-02-21T19:44:48.336+0900 [DEBUG] [org.gradle.cache.internal.DefaultFileLockManager] Lock acquired on daemon addresses registry.
2025-02-21T19:44:48.336+0900 [DEBUG] [org.gradle.cache.internal.DefaultFileLockManager] Releasing lock on daemon addresses registry.
2025-02-21T19:44:48.337+0900 [DEBUG] [org.gradle.cache.internal.DefaultFileLockManager] Waiting to acquire shared lock on daemon addresses registry.
2025-02-21T19:44:48.338+0900 [DEBUG] [org.gradle.cache.internal.DefaultFileLockManager] Lock acquired on daemon addresses registry.
2025-02-21T19:44:48.338+0900 [DEBUG] [org.gradle.cache.internal.DefaultFileLockManager] Releasing lock on daemon addresses registry.
2025-02-21T19:44:58.331+0900 [DEBUG] [org.gradle.cache.internal.DefaultFileLockManager] Waiting to acquire shared lock on daemon addresses registry.
2025-02-21T19:44:58.332+0900 [DEBUG] [org.gradle.cache.internal.DefaultFileLockManager] Lock acquired on daemon addresses registry.
2025-02-21T19:44:58.333+0900 [DEBUG] [org.gradle.cache.internal.DefaultFileLockManager] Releasing lock on daemon addresses registry.
2025-02-21T19:44:58.334+0900 [DEBUG] [org.gradle.cache.internal.DefaultFileLockManager] Waiting to acquire shared lock on daemon addresses registry.
2025-02-21T19:44:58.335+0900 [DEBUG] [org.gradle.cache.internal.DefaultFileLockManager] Lock acquired on daemon addresses registry.
2025-02-21T19:44:58.336+0900 [DEBUG] [org.gradle.cache.internal.DefaultFileLockManager] Releasing lock on daemon addresses registry.
2025-02-21T19:44:58.337+0900 [DEBUG] [org.gradle.cache.internal.DefaultFileLockManager] Waiting to acquire shared lock on daemon addresses registry.
2025-02-21T19:44:58.337+0900 [DEBUG] [org.gradle.cache.internal.DefaultFileLockManager] Lock acquired on daemon addresses registry.
2025-02-21T19:44:58.338+0900 [DEBUG] [org.gradle.cache.internal.DefaultFileLockManager] Releasing lock on daemon addresses registry.
2025-02-21T19:45:08.331+0900 [DEBUG] [org.gradle.cache.internal.DefaultFileLockManager] Waiting to acquire shared lock on daemon addresses registry.
2025-02-21T19:45:08.333+0900 [DEBUG] [org.gradle.cache.internal.DefaultFileLockManager] Lock acquired on daemon addresses registry.
2025-02-21T19:45:08.333+0900 [DEBUG] [org.gradle.cache.internal.DefaultFileLockManager] Releasing lock on daemon addresses registry.
2025-02-21T19:45:08.335+0900 [DEBUG] [org.gradle.cache.internal.DefaultFileLockManager] Waiting to acquire shared lock on daemon addresses registry.
2025-02-21T19:45:08.335+0900 [DEBUG] [org.gradle.cache.internal.DefaultFileLockManager] Lock acquired on daemon addresses registry.
2025-02-21T19:45:08.336+0900 [DEBUG] [org.gradle.cache.internal.DefaultFileLockManager] Releasing lock on daemon addresses registry.
2025-02-21T19:45:08.337+0900 [DEBUG] [org.gradle.cache.internal.DefaultFileLockManager] Waiting to acquire shared lock on daemon addresses registry.
2025-02-21T19:45:08.337+0900 [DEBUG] [org.gradle.cache.internal.DefaultFileLockManager] Lock acquired on daemon addresses registry.
2025-02-21T19:45:08.338+0900 [DEBUG] [org.gradle.cache.internal.DefaultFileLockManager] Releasing lock on daemon addresses registry.
2025-02-21T19:45:18.334+0900 [DEBUG] [org.gradle.cache.internal.DefaultFileLockManager] Waiting to acquire shared lock on daemon addresses registry.
2025-02-21T19:45:18.335+0900 [DEBUG] [org.gradle.cache.internal.DefaultFileLockManager] Lock acquired on daemon addresses registry.
2025-02-21T19:45:18.336+0900 [DEBUG] [org.gradle.cache.internal.DefaultFileLockManager] Releasing lock on daemon addresses registry.
2025-02-21T19:45:18.337+0900 [DEBUG] [org.gradle.cache.internal.DefaultFileLockManager] Waiting to acquire shared lock on daemon addresses registry.
2025-02-21T19:45:18.338+0900 [DEBUG] [org.gradle.cache.internal.DefaultFileLockManager] Lock acquired on daemon addresses registry.
2025-02-21T19:45:18.339+0900 [DEBUG] [org.gradle.cache.internal.DefaultFileLockManager] Releasing lock on daemon addresses registry.
2025-02-21T19:45:18.340+0900 [DEBUG] [org.gradle.cache.internal.DefaultFileLockManager] Waiting to acquire shared lock on daemon addresses registry.
2025-02-21T19:45:18.340+0900 [DEBUG] [org.gradle.cache.internal.DefaultFileLockManager] Lock acquired on daemon addresses registry.
2025-02-21T19:45:18.341+0900 [DEBUG] [org.gradle.cache.internal.DefaultFileLockManager] Releasing lock on daemon addresses registry.
2025-02-21T19:45:28.331+0900 [DEBUG] [org.gradle.cache.internal.DefaultFileLockManager] Waiting to acquire shared lock on daemon addresses registry.
2025-02-21T19:45:28.331+0900 [DEBUG] [org.gradle.cache.internal.DefaultFileLockManager] Lock acquired on daemon addresses registry.
2025-02-21T19:45:28.332+0900 [DEBUG] [org.gradle.cache.internal.DefaultFileLockManager] Releasing lock on daemon addresses registry.
2025-02-21T19:45:28.333+0900 [DEBUG] [org.gradle.cache.internal.DefaultFileLockManager] Waiting to acquire shared lock on daemon addresses registry.
2025-02-21T19:45:28.333+0900 [DEBUG] [org.gradle.cache.internal.DefaultFileLockManager] Lock acquired on daemon addresses registry.
2025-02-21T19:45:28.333+0900 [DEBUG] [org.gradle.cache.internal.DefaultFileLockManager] Releasing lock on daemon addresses registry.
2025-02-21T19:45:28.334+0900 [DEBUG] [org.gradle.cache.internal.DefaultFileLockManager] Waiting to acquire shared lock on daemon addresses registry.
2025-02-21T19:45:28.334+0900 [DEBUG] [org.gradle.cache.internal.DefaultFileLockManager] Lock acquired on daemon addresses registry.
2025-02-21T19:45:28.335+0900 [DEBUG] [org.gradle.cache.internal.DefaultFileLockManager] Releasing lock on daemon addresses registry.
2025-02-21T19:45:38.331+0900 [DEBUG] [org.gradle.cache.internal.DefaultFileLockManager] Waiting to acquire shared lock on daemon addresses registry.
2025-02-21T19:45:38.332+0900 [DEBUG] [org.gradle.cache.internal.DefaultFileLockManager] Lock acquired on daemon addresses registry.
2025-02-21T19:45:38.333+0900 [DEBUG] [org.gradle.cache.internal.DefaultFileLockManager] Releasing lock on daemon addresses registry.
2025-02-21T19:45:38.334+0900 [DEBUG] [org.gradle.cache.internal.DefaultFileLockManager] Waiting to acquire shared lock on daemon addresses registry.
2025-02-21T19:45:38.335+0900 [DEBUG] [org.gradle.cache.internal.DefaultFileLockManager] Lock acquired on daemon addresses registry.
2025-02-21T19:45:38.335+0900 [DEBUG] [org.gradle.cache.internal.DefaultFileLockManager] Releasing lock on daemon addresses registry.
2025-02-21T19:45:38.336+0900 [DEBUG] [org.gradle.cache.internal.DefaultFileLockManager] Waiting to acquire shared lock on daemon addresses registry.
2025-02-21T19:45:38.336+0900 [DEBUG] [org.gradle.cache.internal.DefaultFileLockManager] Lock acquired on daemon addresses registry.
2025-02-21T19:45:38.336+0900 [DEBUG] [org.gradle.cache.internal.DefaultFileLockManager] Releasing lock on daemon addresses registry.
2025-02-21T19:45:48.335+0900 [DEBUG] [org.gradle.cache.internal.DefaultFileLockManager] Waiting to acquire shared lock on daemon addresses registry.
2025-02-21T19:45:48.336+0900 [DEBUG] [org.gradle.cache.internal.DefaultFileLockManager] Lock acquired on daemon addresses registry.
2025-02-21T19:45:48.337+0900 [DEBUG] [org.gradle.cache.internal.DefaultFileLockManager] Releasing lock on daemon addresses registry.
2025-02-21T19:45:48.338+0900 [DEBUG] [org.gradle.cache.internal.DefaultFileLockManager] Waiting to acquire shared lock on daemon addresses registry.
2025-02-21T19:45:48.339+0900 [DEBUG] [org.gradle.cache.internal.DefaultFileLockManager] Lock acquired on daemon addresses registry.
2025-02-21T19:45:48.340+0900 [DEBUG] [org.gradle.cache.internal.DefaultFileLockManager] Releasing lock on daemon addresses registry.
2025-02-21T19:45:48.341+0900 [DEBUG] [org.gradle.cache.internal.DefaultFileLockManager] Waiting to acquire shared lock on daemon addresses registry.
2025-02-21T19:45:48.341+0900 [DEBUG] [org.gradle.cache.internal.DefaultFileLockManager] Lock acquired on daemon addresses registry.
2025-02-21T19:45:48.342+0900 [DEBUG] [org.gradle.cache.internal.DefaultFileLockManager] Releasing lock on daemon addresses registry.
2025-02-21T19:45:58.335+0900 [DEBUG] [org.gradle.cache.internal.DefaultFileLockManager] Waiting to acquire shared lock on daemon addresses registry.
2025-02-21T19:45:58.335+0900 [DEBUG] [org.gradle.cache.internal.DefaultFileLockManager] Lock acquired on daemon addresses registry.
2025-02-21T19:45:58.336+0900 [DEBUG] [org.gradle.cache.internal.DefaultFileLockManager] Releasing lock on daemon addresses registry.
2025-02-21T19:45:58.338+0900 [DEBUG] [org.gradle.cache.internal.DefaultFileLockManager] Waiting to acquire shared lock on daemon addresses registry.
2025-02-21T19:45:58.339+0900 [DEBUG] [org.gradle.cache.internal.DefaultFileLockManager] Lock acquired on daemon addresses registry.
2025-02-21T19:45:58.340+0900 [DEBUG] [org.gradle.cache.internal.DefaultFileLockManager] Releasing lock on daemon addresses registry.
2025-02-21T19:45:58.341+0900 [DEBUG] [org.gradle.cache.internal.DefaultFileLockManager] Waiting to acquire shared lock on daemon addresses registry.
2025-02-21T19:45:58.342+0900 [DEBUG] [org.gradle.cache.internal.DefaultFileLockManager] Lock acquired on daemon addresses registry.
2025-02-21T19:45:58.343+0900 [DEBUG] [org.gradle.cache.internal.DefaultFileLockManager] Releasing lock on daemon addresses registry.
2025-02-21T19:46:08.334+0900 [DEBUG] [org.gradle.cache.internal.DefaultFileLockManager] Waiting to acquire shared lock on daemon addresses registry.
2025-02-21T19:46:08.335+0900 [DEBUG] [org.gradle.cache.internal.DefaultFileLockManager] Lock acquired on daemon addresses registry.
2025-02-21T19:46:08.335+0900 [DEBUG] [org.gradle.cache.internal.DefaultFileLockManager] Releasing lock on daemon addresses registry.
2025-02-21T19:46:08.336+0900 [DEBUG] [org.gradle.cache.internal.DefaultFileLockManager] Waiting to acquire shared lock on daemon addresses registry.
2025-02-21T19:46:08.336+0900 [DEBUG] [org.gradle.cache.internal.DefaultFileLockManager] Lock acquired on daemon addresses registry.
2025-02-21T19:46:08.337+0900 [DEBUG] [org.gradle.cache.internal.DefaultFileLockManager] Releasing lock on daemon addresses registry.
2025-02-21T19:46:08.337+0900 [DEBUG] [org.gradle.cache.internal.DefaultFileLockManager] Waiting to acquire shared lock on daemon addresses registry.
2025-02-21T19:46:08.338+0900 [DEBUG] [org.gradle.cache.internal.DefaultFileLockManager] Lock acquired on daemon addresses registry.
2025-02-21T19:46:08.338+0900 [DEBUG] [org.gradle.cache.internal.DefaultFileLockManager] Releasing lock on daemon addresses registry.
2025-02-21T19:46:16.788+0900 [DEBUG] [org.gradle.internal.remote.internal.inet.TcpIncomingConnector] Accepted connection from /127.0.0.1:49397 to /127.0.0.1:49245.
2025-02-21T19:46:16.789+0900 [DEBUG] [org.gradle.launcher.daemon.server.SynchronizedDispatchConnection] thread 206: received class org.gradle.launcher.daemon.protocol.StopWhenIdle
2025-02-21T19:46:16.789+0900 [DEBUG] [org.gradle.launcher.daemon.server.DefaultDaemonConnection] thread 206: Received non-IO message from client: StopWhenIdle[id=47c243f3-cc70-4ac2-ae10-3abf1c8b4be4]
2025-02-21T19:46:16.789+0900 [INFO] [org.gradle.launcher.daemon.server.DefaultIncomingConnectionHandler] Received command: StopWhenIdle[id=47c243f3-cc70-4ac2-ae10-3abf1c8b4be4].
2025-02-21T19:46:16.789+0900 [DEBUG] [org.gradle.launcher.daemon.server.DefaultIncomingConnectionHandler] Starting executing command: StopWhenIdle[id=47c243f3-cc70-4ac2-ae10-3abf1c8b4be4] with connection: socket connection from /127.0.0.1:49245 to /127.0.0.1:49397.
2025-02-21T19:46:16.789+0900 [DEBUG] [org.gradle.launcher.daemon.server.DaemonRegistryUpdater] Storing daemon stop event: stop command received
2025-02-21T19:46:16.789+0900 [DEBUG] [org.gradle.launcher.daemon.registry.PersistentDaemonRegistry] Storing daemon stop event with timestamp 1740134776790
2025-02-21T19:46:16.790+0900 [DEBUG] [org.gradle.cache.internal.DefaultFileLockManager] Waiting to acquire exclusive lock on daemon addresses registry.
2025-02-21T19:46:16.790+0900 [DEBUG] [org.gradle.cache.internal.DefaultFileLockManager] Lock acquired on daemon addresses registry.
2025-02-21T19:46:16.790+0900 [DEBUG] [org.gradle.cache.internal.DefaultFileLockManager] Releasing lock on daemon addresses registry.
2025-02-21T19:46:16.790+0900 [LIFECYCLE] [org.gradle.launcher.daemon.server.DaemonStateCoordinator] Daemon will be stopped at the end of the build stop command received
2025-02-21T19:46:16.790+0900 [DEBUG] [org.gradle.launcher.daemon.server.DaemonStateCoordinator] Marking daemon stopped due to stop command received. The daemon is not running a build
2025-02-21T19:46:16.790+0900 [DEBUG] [org.gradle.launcher.daemon.server.SynchronizedDispatchConnection] thread 205: dispatching Success[value=null]
2025-02-21T19:46:16.790+0900 [DEBUG] [org.gradle.launcher.daemon.server.DaemonStateCoordinator] daemon has stopped.
2025-02-21T19:46:16.790+0900 [DEBUG] [org.gradle.launcher.daemon.server.DefaultIncomingConnectionHandler] Finishing executing command: StopWhenIdle[id=47c243f3-cc70-4ac2-ae10-3abf1c8b4be4]
2025-02-21T19:46:16.790+0900 [DEBUG] [org.gradle.launcher.daemon.server.Daemon] stop() called on daemon
2025-02-21T19:46:16.790+0900 [INFO] [org.gradle.launcher.daemon.server.Daemon] Stop requested. Daemon is removing its presence from the registry...
2025-02-21T19:46:16.790+0900 [DEBUG] [org.gradle.launcher.daemon.server.SynchronizedDispatchConnection] thread 206: received class org.gradle.launcher.daemon.protocol.Finished
2025-02-21T19:46:16.791+0900 [DEBUG] [org.gradle.launcher.daemon.server.DefaultDaemonConnection] thread 206: Received non-IO message from client: org.gradle.launcher.daemon.protocol.Finished@2dfd3e62
2025-02-21T19:46:16.791+0900 [DEBUG] [org.gradle.launcher.daemon.server.DaemonRegistryUpdater] Removing our presence to clients, eg. removing this address from the registry: [f058f8e7-b334-45de-b487-749dcceab9b0 port:49245, addresses:[localhost/127.0.0.1]]
2025-02-21T19:46:16.791+0900 [DEBUG] [org.gradle.internal.remote.internal.inet.SocketConnection] Discarding EOFException: java.io.EOFException
2025-02-21T19:46:16.791+0900 [DEBUG] [org.gradle.launcher.daemon.server.DefaultIncomingConnectionHandler] Received finished message: org.gradle.launcher.daemon.protocol.Finished@2dfd3e62
2025-02-21T19:46:16.791+0900 [DEBUG] [org.gradle.launcher.daemon.server.SynchronizedDispatchConnection] thread 206: received null
2025-02-21T19:46:16.791+0900 [DEBUG] [org.gradle.launcher.daemon.registry.PersistentDaemonRegistry] Removing daemon address: [f058f8e7-b334-45de-b487-749dcceab9b0 port:49245, addresses:[localhost/127.0.0.1]]
2025-02-21T19:46:16.791+0900 [DEBUG] [org.gradle.launcher.daemon.server.DefaultDaemonConnection] thread 206: Received end-of-input from client.
2025-02-21T19:46:16.791+0900 [DEBUG] [org.gradle.launcher.daemon.server.SynchronizedDispatchConnection] thread 205: stopping connection
2025-02-21T19:46:16.791+0900 [DEBUG] [org.gradle.cache.internal.DefaultFileLockManager] Waiting to acquire exclusive lock on daemon addresses registry.
2025-02-21T19:46:16.791+0900 [DEBUG] [org.gradle.launcher.daemon.server.SynchronizedDispatchConnection] thread 205: stopping connection
2025-02-21T19:46:16.791+0900 [DEBUG] [org.gradle.cache.internal.DefaultFileLockManager] Lock acquired on daemon addresses registry.
2025-02-21T19:46:16.792+0900 [DEBUG] [org.gradle.cache.internal.DefaultFileLockManager] Releasing lock on daemon addresses registry.
2025-02-21T19:46:16.792+0900 [DEBUG] [org.gradle.launcher.daemon.server.DaemonRegistryUpdater] Address removed from registry.
2025-02-21T19:46:16.793+0900 [DEBUG] [org.gradle.cache.internal.LockOnDemandCrossProcessCacheAccess] Releasing file lock for jars (/Users/beomseoklee/workspace/firstProject/webproject/caches/jars-9)
2025-02-21T19:46:16.793+0900 [DEBUG] [org.gradle.cache.internal.DefaultFileLockManager] Releasing lock on jars (/Users/beomseoklee/workspace/firstProject/webproject/caches/jars-9).
2025-02-21T19:46:16.793+0900 [DEBUG] [org.gradle.cache.internal.DefaultCacheCleanupExecutor] jars (/Users/beomseoklee/workspace/firstProject/webproject/caches/jars-9) has last been fully cleaned up 523 hours ago
2025-02-21T19:46:16.793+0900 [DEBUG] [org.gradle.internal.operations.DefaultBuildOperationRunner] Build operation 'Clean up jars (/Users/beomseoklee/workspace/firstProject/webproject/caches/jars-9)' started
2025-02-21T19:46:16.795+0900 [INFO] [org.gradle.cache.internal.AbstractCacheCleanup] jars (/Users/beomseoklee/workspace/firstProject/webproject/caches/jars-9) cleanup deleted 0 files/directories.
2025-02-21T19:46:16.795+0900 [INFO] [org.gradle.cache.internal.LeastRecentlyUsedCacheCleanup] jars (/Users/beomseoklee/workspace/firstProject/webproject/caches/jars-9) removing files not accessed on or after Fri Feb 14 19:46:16 KST 2025.
2025-02-21T19:46:16.812+0900 [INFO] [org.gradle.cache.internal.AbstractCacheCleanup] jars (/Users/beomseoklee/workspace/firstProject/webproject/caches/jars-9) cleanup deleted 14 files/directories.
2025-02-21T19:46:16.812+0900 [DEBUG] [org.gradle.internal.operations.DefaultBuildOperationRunner] Completing Build operation 'Clean up jars (/Users/beomseoklee/workspace/firstProject/webproject/caches/jars-9)'
2025-02-21T19:46:16.812+0900 [DEBUG] [org.gradle.internal.operations.DefaultBuildOperationRunner] Build operation 'Clean up jars (/Users/beomseoklee/workspace/firstProject/webproject/caches/jars-9)' completed
2025-02-21T19:46:16.812+0900 [INFO] [org.gradle.cache.internal.DefaultCacheCleanupExecutor] jars (/Users/beomseoklee/workspace/firstProject/webproject/caches/jars-9) cleaned up in 0.018 secs.
2025-02-21T19:46:16.812+0900 [DEBUG] [org.gradle.cache.internal.LockOnDemandCrossProcessCacheAccess] Releasing file lock for file content cache (/Users/beomseoklee/workspace/firstProject/webproject/caches/8.11.1/fileContent)
2025-02-21T19:46:16.812+0900 [DEBUG] [org.gradle.cache.internal.DefaultFileLockManager] Releasing lock on file content cache (/Users/beomseoklee/workspace/firstProject/webproject/caches/8.11.1/fileContent).
2025-02-21T19:46:16.812+0900 [DEBUG] [org.gradle.internal.watch.vfs.impl.WatchingVirtualFileSystem] Closing VFS, dropping state
2025-02-21T19:46:16.813+0900 [DEBUG] [org.gradle.internal.watch.registry.impl.DefaultFileWatcherRegistry] Finished listening to file system change events
2025-02-21T19:46:16.813+0900 [DEBUG] [org.gradle.cache.internal.DefaultCacheCoordinator] Cache Generated Gradle JARs cache (/Users/beomseoklee/workspace/firstProject/webproject/caches/8.11.1/generated-gradle-jars) was closed 0 times.
2025-02-21T19:46:16.813+0900 [DEBUG] [org.gradle.cache.internal.LockOnDemandCrossProcessCacheAccess] Releasing file lock for artifact cache (/Users/beomseoklee/workspace/firstProject/webproject/caches/modules-2)
2025-02-21T19:46:16.813+0900 [DEBUG] [org.gradle.cache.internal.btree.BTreePersistentIndexedCache] Closing cache module-artifact.bin (/Users/beomseoklee/workspace/firstProject/webproject/caches/modules-2/metadata-2.107/module-artifact.bin)
2025-02-21T19:46:16.813+0900 [DEBUG] [org.gradle.cache.internal.btree.BTreePersistentIndexedCache] Closing cache module-metadata.bin (/Users/beomseoklee/workspace/firstProject/webproject/caches/modules-2/metadata-2.107/module-metadata.bin)
2025-02-21T19:46:16.813+0900 [DEBUG] [org.gradle.cache.internal.DefaultFileLockManager] Releasing lock on artifact cache (/Users/beomseoklee/workspace/firstProject/webproject/caches/modules-2).
2025-02-21T19:46:16.813+0900 [DEBUG] [org.gradle.cache.internal.DefaultCacheCleanupExecutor] artifact cache (/Users/beomseoklee/workspace/firstProject/webproject/caches/modules-2) has last been fully cleaned up 523 hours ago
2025-02-21T19:46:16.813+0900 [DEBUG] [org.gradle.internal.operations.DefaultBuildOperationRunner] Build operation 'Clean up artifact cache (/Users/beomseoklee/workspace/firstProject/webproject/caches/modules-2)' started
2025-02-21T19:46:16.814+0900 [INFO] [org.gradle.cache.internal.AbstractCacheCleanup] artifact cache (/Users/beomseoklee/workspace/firstProject/webproject/caches/modules-2) cleanup deleted 0 files/directories.
2025-02-21T19:46:16.814+0900 [INFO] [org.gradle.cache.internal.AbstractCacheCleanup] artifact cache (/Users/beomseoklee/workspace/firstProject/webproject/caches/modules-2) [subdir: /Users/beomseoklee/workspace/firstProject/webproject/caches/modules-2/resources-2.1] cleanup deleted 0 files/directories.
2025-02-21T19:46:16.814+0900 [INFO] [org.gradle.cache.internal.LeastRecentlyUsedCacheCleanup] artifact cache (/Users/beomseoklee/workspace/firstProject/webproject/caches/modules-2) [subdir: /Users/beomseoklee/workspace/firstProject/webproject/caches/modules-2/resources-2.1] removing files not accessed on or after Wed Jan 22 19:46:16 KST 2025.
2025-02-21T19:46:16.814+0900 [INFO] [org.gradle.cache.internal.AbstractCacheCleanup] artifact cache (/Users/beomseoklee/workspace/firstProject/webproject/caches/modules-2) [subdir: /Users/beomseoklee/workspace/firstProject/webproject/caches/modules-2/resources-2.1] cleanup deleted 0 files/directories.
2025-02-21T19:46:16.814+0900 [INFO] [org.gradle.cache.internal.AbstractCacheCleanup] artifact cache (/Users/beomseoklee/workspace/firstProject/webproject/caches/modules-2) [subdir: /Users/beomseoklee/workspace/firstProject/webproject/caches/modules-2/files-2.1] cleanup deleted 0 files/directories.
2025-02-21T19:46:16.814+0900 [INFO] [org.gradle.cache.internal.LeastRecentlyUsedCacheCleanup] artifact cache (/Users/beomseoklee/workspace/firstProject/webproject/caches/modules-2) [subdir: /Users/beomseoklee/workspace/firstProject/webproject/caches/modules-2/files-2.1] removing files not accessed on or after Wed Jan 22 19:46:16 KST 2025.
2025-02-21T19:46:16.824+0900 [INFO] [org.gradle.cache.internal.AbstractCacheCleanup] artifact cache (/Users/beomseoklee/workspace/firstProject/webproject/caches/modules-2) [subdir: /Users/beomseoklee/workspace/firstProject/webproject/caches/modules-2/files-2.1] cleanup deleted 0 files/directories.
2025-02-21T19:46:16.824+0900 [INFO] [org.gradle.cache.internal.AbstractCacheCleanup] artifact cache (/Users/beomseoklee/workspace/firstProject/webproject/caches/modules-2) [subdir: /Users/beomseoklee/workspace/firstProject/webproject/caches/modules-2/metadata-2.107] cleanup deleted 0 files/directories.
2025-02-21T19:46:16.824+0900 [INFO] [org.gradle.cache.internal.AbstractCacheCleanup] artifact cache (/Users/beomseoklee/workspace/firstProject/webproject/caches/modules-2) cleanup deleted 0 files/directories.
2025-02-21T19:46:16.824+0900 [DEBUG] [org.gradle.internal.operations.DefaultBuildOperationRunner] Completing Build operation 'Clean up artifact cache (/Users/beomseoklee/workspace/firstProject/webproject/caches/modules-2)'
2025-02-21T19:46:16.825+0900 [DEBUG] [org.gradle.internal.operations.DefaultBuildOperationRunner] Build operation 'Clean up artifact cache (/Users/beomseoklee/workspace/firstProject/webproject/caches/modules-2)' completed
2025-02-21T19:46:16.825+0900 [INFO] [org.gradle.cache.internal.DefaultCacheCleanupExecutor] artifact cache (/Users/beomseoklee/workspace/firstProject/webproject/caches/modules-2) cleaned up in 0.011 secs.
2025-02-21T19:46:16.825+0900 [DEBUG] [org.gradle.cache.internal.DefaultCacheCleanupExecutor] groovy-dsl (/Users/beomseoklee/workspace/firstProject/webproject/caches/8.11.1/groovy-dsl) has last been fully cleaned up 523 hours ago
2025-02-21T19:46:16.825+0900 [DEBUG] [org.gradle.internal.operations.DefaultBuildOperationRunner] Build operation 'Clean up groovy-dsl (/Users/beomseoklee/workspace/firstProject/webproject/caches/8.11.1/groovy-dsl)' started
2025-02-21T19:46:16.825+0900 [INFO] [org.gradle.cache.internal.LeastRecentlyUsedCacheCleanup] groovy-dsl (/Users/beomseoklee/workspace/firstProject/webproject/caches/8.11.1/groovy-dsl) removing files not accessed on or after Fri Feb 14 19:46:16 KST 2025.
2025-02-21T19:46:16.853+0900 [INFO] [org.gradle.cache.internal.AbstractCacheCleanup] groovy-dsl (/Users/beomseoklee/workspace/firstProject/webproject/caches/8.11.1/groovy-dsl) cleanup deleted 16 files/directories.
2025-02-21T19:46:16.853+0900 [DEBUG] [org.gradle.internal.operations.DefaultBuildOperationRunner] Completing Build operation 'Clean up groovy-dsl (/Users/beomseoklee/workspace/firstProject/webproject/caches/8.11.1/groovy-dsl)'
2025-02-21T19:46:16.853+0900 [DEBUG] [org.gradle.internal.operations.DefaultBuildOperationRunner] Build operation 'Clean up groovy-dsl (/Users/beomseoklee/workspace/firstProject/webproject/caches/8.11.1/groovy-dsl)' completed
2025-02-21T19:46:16.853+0900 [INFO] [org.gradle.cache.internal.DefaultCacheCleanupExecutor] groovy-dsl (/Users/beomseoklee/workspace/firstProject/webproject/caches/8.11.1/groovy-dsl) cleaned up in 0.028 secs.
2025-02-21T19:46:16.853+0900 [DEBUG] [org.gradle.cache.internal.DefaultCacheCoordinator] Cache groovy-dsl (/Users/beomseoklee/workspace/firstProject/webproject/caches/8.11.1/groovy-dsl) was closed 0 times.
2025-02-21T19:46:16.853+0900 [DEBUG] [org.gradle.cache.internal.DefaultCacheCleanupExecutor] Artifact transforms cache (/Users/beomseoklee/workspace/firstProject/webproject/caches/8.11.1/transforms) has last been fully cleaned up 523 hours ago
2025-02-21T19:46:16.853+0900 [DEBUG] [org.gradle.internal.operations.DefaultBuildOperationRunner] Build operation 'Clean up Artifact transforms cache (/Users/beomseoklee/workspace/firstProject/webproject/caches/8.11.1/transforms)' started
2025-02-21T19:46:16.854+0900 [INFO] [org.gradle.cache.internal.LeastRecentlyUsedCacheCleanup] Artifact transforms cache (/Users/beomseoklee/workspace/firstProject/webproject/caches/8.11.1/transforms) removing files not accessed on or after Fri Feb 14 19:46:16 KST 2025.
2025-02-21T19:46:16.855+0900 [INFO] [org.gradle.cache.internal.AbstractCacheCleanup] Artifact transforms cache (/Users/beomseoklee/workspace/firstProject/webproject/caches/8.11.1/transforms) cleanup deleted 4 files/directories.
2025-02-21T19:46:16.856+0900 [DEBUG] [org.gradle.internal.operations.DefaultBuildOperationRunner] Completing Build operation 'Clean up Artifact transforms cache (/Users/beomseoklee/workspace/firstProject/webproject/caches/8.11.1/transforms)'
2025-02-21T19:46:16.856+0900 [DEBUG] [org.gradle.internal.operations.DefaultBuildOperationRunner] Build operation 'Clean up Artifact transforms cache (/Users/beomseoklee/workspace/firstProject/webproject/caches/8.11.1/transforms)' completed
2025-02-21T19:46:16.856+0900 [INFO] [org.gradle.cache.internal.DefaultCacheCleanupExecutor] Artifact transforms cache (/Users/beomseoklee/workspace/firstProject/webproject/caches/8.11.1/transforms) cleaned up in 0.002 secs.
2025-02-21T19:46:16.856+0900 [DEBUG] [org.gradle.cache.internal.DefaultCacheCoordinator] Cache Artifact transforms cache (/Users/beomseoklee/workspace/firstProject/webproject/caches/8.11.1/transforms) was closed 0 times.
2025-02-21T19:46:16.856+0900 [DEBUG] [org.gradle.cache.internal.LockOnDemandCrossProcessCacheAccess] Releasing file lock for journal cache (/Users/beomseoklee/workspace/firstProject/webproject/caches/journal-1)
2025-02-21T19:46:16.856+0900 [DEBUG] [org.gradle.cache.internal.btree.BTreePersistentIndexedCache] Closing cache file-access.bin (/Users/beomseoklee/workspace/firstProject/webproject/caches/journal-1/file-access.bin)
2025-02-21T19:46:16.856+0900 [DEBUG] [org.gradle.cache.internal.DefaultFileLockManager] Releasing lock on journal cache (/Users/beomseoklee/workspace/firstProject/webproject/caches/journal-1).
2025-02-21T19:46:16.856+0900 [DEBUG] [org.gradle.cache.internal.LockOnDemandCrossProcessCacheAccess] Releasing file lock for file hash cache (/Users/beomseoklee/workspace/firstProject/webproject/caches/8.11.1/fileHashes)
2025-02-21T19:46:16.856+0900 [DEBUG] [org.gradle.cache.internal.btree.BTreePersistentIndexedCache] Closing cache fileHashes.bin (/Users/beomseoklee/workspace/firstProject/webproject/caches/8.11.1/fileHashes/fileHashes.bin)
2025-02-21T19:46:16.856+0900 [DEBUG] [org.gradle.cache.internal.btree.BTreePersistentIndexedCache] Closing cache resourceHashesCache.bin (/Users/beomseoklee/workspace/firstProject/webproject/caches/8.11.1/fileHashes/resourceHashesCache.bin)
2025-02-21T19:46:16.856+0900 [DEBUG] [org.gradle.cache.internal.DefaultFileLockManager] Releasing lock on file hash cache (/Users/beomseoklee/workspace/firstProject/webproject/caches/8.11.1/fileHashes).
2025-02-21T19:46:16.857+0900 [DEBUG] [org.gradle.internal.operations.DefaultBuildOperationRunner] Build operation 'Deleting unused version-specific caches in /Users/beomseoklee/workspace/firstProject/webproject/caches' started
2025-02-21T19:46:16.858+0900 [DEBUG] [org.gradle.cache.internal.VersionSpecificCacheCleanupAction] Processed version-specific caches at /Users/beomseoklee/workspace/firstProject/webproject/caches for cleanup in 0.001 secs
2025-02-21T19:46:16.858+0900 [DEBUG] [org.gradle.internal.operations.DefaultBuildOperationRunner] Completing Build operation 'Deleting unused version-specific caches in /Users/beomseoklee/workspace/firstProject/webproject/caches'
2025-02-21T19:46:16.858+0900 [DEBUG] [org.gradle.internal.operations.DefaultBuildOperationRunner] Build operation 'Deleting unused version-specific caches in /Users/beomseoklee/workspace/firstProject/webproject/caches' completed
2025-02-21T19:46:16.858+0900 [DEBUG] [org.gradle.internal.operations.DefaultBuildOperationRunner] Build operation 'Deleting unused Gradle distributions in /Users/beomseoklee/workspace/firstProject/webproject/wrapper/dists' started
2025-02-21T19:46:16.859+0900 [DEBUG] [org.gradle.internal.operations.DefaultBuildOperationRunner] Completing Build operation 'Deleting unused Gradle distributions in /Users/beomseoklee/workspace/firstProject/webproject/wrapper/dists'
2025-02-21T19:46:16.859+0900 [DEBUG] [org.gradle.internal.operations.DefaultBuildOperationRunner] Build operation 'Deleting unused Gradle distributions in /Users/beomseoklee/workspace/firstProject/webproject/wrapper/dists' completed
2025-02-21T19:46:16.859+0900 [DEBUG] [org.gradle.launcher.daemon.server.Daemon] stop() called on daemon
2025-02-21T19:46:16.859+0900 [INFO] [org.gradle.launcher.daemon.server.Daemon] Stop requested. Daemon is removing its presence from the registry...
2025-02-21T19:46:16.859+0900 [DEBUG] [org.gradle.launcher.daemon.server.DaemonRegistryUpdater] Removing our presence to clients, eg. removing this address from the registry: [f058f8e7-b334-45de-b487-749dcceab9b0 port:49245, addresses:[localhost/127.0.0.1]]
2025-02-21T19:46:16.859+0900 [DEBUG] [org.gradle.launcher.daemon.registry.PersistentDaemonRegistry] Removing daemon address: [f058f8e7-b334-45de-b487-749dcceab9b0 port:49245, addresses:[localhost/127.0.0.1]]
2025-02-21T19:46:16.859+0900 [DEBUG] [org.gradle.cache.internal.DefaultFileLockManager] Waiting to acquire exclusive lock on daemon addresses registry.
2025-02-21T19:46:16.859+0900 [DEBUG] [org.gradle.cache.internal.DefaultFileLockManager] Lock acquired on daemon addresses registry.
2025-02-21T19:46:16.860+0900 [DEBUG] [org.gradle.cache.internal.DefaultFileLockManager] Releasing lock on daemon addresses registry.
2025-02-21T19:46:16.860+0900 [DEBUG] [org.gradle.launcher.daemon.server.DaemonRegistryUpdater] Address removed from registry.
2025-02-21T19:46:16.860+0900 [DEBUG] [org.gradle.cache.internal.locklistener.DefaultFileLockContentionHandler] File lock listener thread completed.
Daemon vm is shutting down... The daemon has exited normally or was terminated in response to a user interrupt.
2025-02-21T19:46:16.860+0900 [DEBUG] [org.gradle.launcher.daemon.registry.PersistentDaemonRegistry] Removing daemon address: [f058f8e7-b334-45de-b487-749dcceab9b0 port:49245, addresses:[localhost/127.0.0.1]]
2025-02-21T19:46:16.860+0900 [DEBUG] [org.gradle.launcher.daemon.server.Daemon] VM shutdown hook was unable to remove the daemon address from the registry. It will be cleaned up later.
java.lang.IllegalStateException: Cannot start managing file contention because this handler has been closed.
	at org.gradle.cache.internal.locklistener.DefaultFileLockContentionHandler.assertNotStopped(DefaultFileLockContentionHandler.java:217)
	at org.gradle.cache.internal.locklistener.DefaultFileLockContentionHandler.getCommunicator(DefaultFileLockContentionHandler.java:260)
	at org.gradle.cache.internal.locklistener.DefaultFileLockContentionHandler.reservePort(DefaultFileLockContentionHandler.java:254)
	at org.gradle.cache.internal.DefaultFileLockManager.lock(DefaultFileLockManager.java:124)
	at org.gradle.cache.internal.DefaultFileLockManager.lock(DefaultFileLockManager.java:106)
	at org.gradle.cache.internal.DefaultFileLockManager.lock(DefaultFileLockManager.java:101)
	at org.gradle.cache.internal.OnDemandFileAccess.updateFile(OnDemandFileAccess.java:51)
	at org.gradle.cache.internal.FileBackedObjectHolder.update(FileBackedObjectHolder.java:77)
	at org.gradle.cache.internal.FileIntegrityViolationSuppressingObjectHolderDecorator.lambda$update$0(FileIntegrityViolationSuppressingObjectHolderDecorator.java:48)
	at org.gradle.cache.internal.FileIntegrityViolationSuppressingObjectHolderDecorator.doUpdate(FileIntegrityViolationSuppressingObjectHolderDecorator.java:58)
	at org.gradle.cache.internal.FileIntegrityViolationSuppressingObjectHolderDecorator.update(FileIntegrityViolationSuppressingObjectHolderDecorator.java:48)
	at org.gradle.launcher.daemon.registry.PersistentDaemonRegistry.remove(PersistentDaemonRegistry.java:133)
	at org.gradle.launcher.daemon.server.Daemon$1.run(Daemon.java:133)
	at java.base/java.lang.Thread.run(Thread.java:842)
