2025-03-12T00:12:26.610+0900 [DEBUG] [org.gradle.launcher.daemon.bootstrap.DaemonMain] Assuming the daemon was started with following jvm opts: [-XX:MaxMetaspaceSize=384m, -XX:+HeapDumpOnOutOfMemoryError, -Xms256m, -Xmx512m, -Dfile.encoding=UTF-8, -Duser.country=US, -Duser.language=en, -Duser.variant]
2025-03-12T00:12:26.664+0900 [INFO] [org.gradle.launcher.daemon.server.Daemon] start() called on daemon - DefaultDaemonContext[uid=38b0a4b0-1160-40f8-9a4a-648467563a95,javaHome=/Library/Java/JavaVirtualMachines/jdk-17.jdk/Contents/Home,javaVersion=17,javaVendor=Oracle Corporation,daemonRegistryDir=/Users/beomseoklee/workspace/firstProject/webproject/daemon,pid=15674,idleTimeout=10800000,priority=NORMAL,applyInstrumentationAgent=true,nativeServicesMode=ENABLED,daemonOpts=-XX:MaxMetaspaceSize=384m,-XX:+HeapDumpOnOutOfMemoryError,-Xms256m,-Xmx512m,-Dfile.encoding=UTF-8,-Duser.country=US,-Duser.language=en,-Duser.variant]
2025-03-12T00:12:26.689+0900 [DEBUG] [org.gradle.internal.remote.internal.inet.InetAddresses] Adding IP addresses for network interface utun3
2025-03-12T00:12:26.689+0900 [DEBUG] [org.gradle.internal.remote.internal.inet.InetAddresses] Is this a loopback interface? false
2025-03-12T00:12:26.689+0900 [DEBUG] [org.gradle.internal.remote.internal.inet.InetAddresses] Adding remote address /fe80:0:0:0:ce81:b1c:bd2c:69e%utun3
2025-03-12T00:12:26.689+0900 [DEBUG] [org.gradle.internal.remote.internal.inet.InetAddresses] Adding IP addresses for network interface utun2
2025-03-12T00:12:26.689+0900 [DEBUG] [org.gradle.internal.remote.internal.inet.InetAddresses] Is this a loopback interface? false
2025-03-12T00:12:26.690+0900 [DEBUG] [org.gradle.internal.remote.internal.inet.InetAddresses] Adding remote address /fe80:0:0:0:f4d:7206:8a56:74e8%utun2
2025-03-12T00:12:26.690+0900 [DEBUG] [org.gradle.internal.remote.internal.inet.InetAddresses] Adding IP addresses for network interface utun1
2025-03-12T00:12:26.690+0900 [DEBUG] [org.gradle.internal.remote.internal.inet.InetAddresses] Is this a loopback interface? false
2025-03-12T00:12:26.690+0900 [DEBUG] [org.gradle.internal.remote.internal.inet.InetAddresses] Adding remote address /fe80:0:0:0:ddab:c943:59a9:653b%utun1
2025-03-12T00:12:26.690+0900 [DEBUG] [org.gradle.internal.remote.internal.inet.InetAddresses] Adding IP addresses for network interface llw0
2025-03-12T00:12:26.690+0900 [DEBUG] [org.gradle.internal.remote.internal.inet.InetAddresses] Is this a loopback interface? false
2025-03-12T00:12:26.690+0900 [DEBUG] [org.gradle.internal.remote.internal.inet.InetAddresses] Adding remote address /fe80:0:0:0:40c9:8aff:feb1:88e9%llw0
2025-03-12T00:12:26.690+0900 [DEBUG] [org.gradle.internal.remote.internal.inet.InetAddresses] Adding IP addresses for network interface awdl0
2025-03-12T00:12:26.690+0900 [DEBUG] [org.gradle.internal.remote.internal.inet.InetAddresses] Is this a loopback interface? false
2025-03-12T00:12:26.691+0900 [DEBUG] [org.gradle.internal.remote.internal.inet.InetAddresses] Adding remote address /fe80:0:0:0:40c9:8aff:feb1:88e9%awdl0
2025-03-12T00:12:26.691+0900 [DEBUG] [org.gradle.internal.remote.internal.inet.InetAddresses] Adding IP addresses for network interface utun0
2025-03-12T00:12:26.691+0900 [DEBUG] [org.gradle.internal.remote.internal.inet.InetAddresses] Is this a loopback interface? false
2025-03-12T00:12:26.691+0900 [DEBUG] [org.gradle.internal.remote.internal.inet.InetAddresses] Adding remote address /fe80:0:0:0:dbad:ba6f:1f45:ba55%utun0
2025-03-12T00:12:26.691+0900 [DEBUG] [org.gradle.internal.remote.internal.inet.InetAddresses] Adding IP addresses for network interface en0
2025-03-12T00:12:26.691+0900 [DEBUG] [org.gradle.internal.remote.internal.inet.InetAddresses] Is this a loopback interface? false
2025-03-12T00:12:26.691+0900 [DEBUG] [org.gradle.internal.remote.internal.inet.InetAddresses] Adding remote address /fe80:0:0:0:bb:a9fe:7c48:c0dd%en0
2025-03-12T00:12:26.691+0900 [DEBUG] [org.gradle.internal.remote.internal.inet.InetAddresses] Adding remote address /192.168.200.136
2025-03-12T00:12:26.691+0900 [DEBUG] [org.gradle.internal.remote.internal.inet.InetAddresses] Adding IP addresses for network interface lo0
2025-03-12T00:12:26.691+0900 [DEBUG] [org.gradle.internal.remote.internal.inet.InetAddresses] Is this a loopback interface? true
2025-03-12T00:12:26.691+0900 [DEBUG] [org.gradle.internal.remote.internal.inet.InetAddresses] Ignoring remote address on loopback interface /fe80:0:0:0:0:0:0:1%lo0
2025-03-12T00:12:26.692+0900 [DEBUG] [org.gradle.internal.remote.internal.inet.InetAddresses] Adding loopback address /0:0:0:0:0:0:0:1%lo0
2025-03-12T00:12:26.692+0900 [DEBUG] [org.gradle.internal.remote.internal.inet.InetAddresses] Adding loopback address /127.0.0.1
2025-03-12T00:12:26.694+0900 [DEBUG] [org.gradle.internal.remote.internal.inet.TcpIncomingConnector] Listening on [33a11083-1549-4640-9e3f-03c4614a15b4 port:50563, addresses:[localhost/127.0.0.1]].
2025-03-12T00:12:26.700+0900 [DEBUG] [org.gradle.launcher.daemon.server.Daemon] Daemon starting at: Wed Mar 12 00:12:26 KST 2025, with address: [33a11083-1549-4640-9e3f-03c4614a15b4 port:50563, addresses:[localhost/127.0.0.1]]
2025-03-12T00:12:26.700+0900 [INFO] [org.gradle.launcher.daemon.server.DaemonRegistryUpdater] Advertising the daemon address to the clients: [33a11083-1549-4640-9e3f-03c4614a15b4 port:50563, addresses:[localhost/127.0.0.1]]
2025-03-12T00:12:26.700+0900 [DEBUG] [org.gradle.launcher.daemon.server.DaemonRegistryUpdater] Advertised daemon context: DefaultDaemonContext[uid=38b0a4b0-1160-40f8-9a4a-648467563a95,javaHome=/Library/Java/JavaVirtualMachines/jdk-17.jdk/Contents/Home,javaVersion=17,javaVendor=Oracle Corporation,daemonRegistryDir=/Users/beomseoklee/workspace/firstProject/webproject/daemon,pid=15674,idleTimeout=10800000,priority=NORMAL,applyInstrumentationAgent=true,nativeServicesMode=ENABLED,daemonOpts=-XX:MaxMetaspaceSize=384m,-XX:+HeapDumpOnOutOfMemoryError,-Xms256m,-Xmx512m,-Dfile.encoding=UTF-8,-Duser.country=US,-Duser.language=en,-Duser.variant]
2025-03-12T00:12:26.700+0900 [DEBUG] [org.gradle.launcher.daemon.registry.PersistentDaemonRegistry] Storing daemon address: [33a11083-1549-4640-9e3f-03c4614a15b4 port:50563, addresses:[localhost/127.0.0.1]], context: DefaultDaemonContext[uid=38b0a4b0-1160-40f8-9a4a-648467563a95,javaHome=/Library/Java/JavaVirtualMachines/jdk-17.jdk/Contents/Home,javaVersion=17,javaVendor=Oracle Corporation,daemonRegistryDir=/Users/beomseoklee/workspace/firstProject/webproject/daemon,pid=15674,idleTimeout=10800000,priority=NORMAL,applyInstrumentationAgent=true,nativeServicesMode=ENABLED,daemonOpts=-XX:MaxMetaspaceSize=384m,-XX:+HeapDumpOnOutOfMemoryError,-Xms256m,-Xmx512m,-Dfile.encoding=UTF-8,-Duser.country=US,-Duser.language=en,-Duser.variant]
2025-03-12T00:12:26.710+0900 [DEBUG] [org.gradle.cache.internal.DefaultFileLockManager] Waiting to acquire exclusive lock on daemon addresses registry.
2025-03-12T00:12:26.711+0900 [DEBUG] [org.gradle.cache.internal.DefaultFileLockManager] Lock acquired on daemon addresses registry.
2025-03-12T00:12:26.713+0900 [DEBUG] [org.gradle.cache.internal.DefaultFileLockManager] Releasing lock on daemon addresses registry.
2025-03-12T00:12:26.713+0900 [LIFECYCLE] [org.gradle.launcher.daemon.server.Daemon] Daemon server started.
2025-03-12T00:12:26.713+0900 [DEBUG] [org.gradle.launcher.daemon.bootstrap.DaemonStartupCommunication] Completed writing the daemon greeting. Closing streams...
2025-03-12T00:12:26.716+0900 [DEBUG] [org.gradle.launcher.daemon.server.Daemon] stopOnExpiration() called on daemon
2025-03-12T00:12:26.716+0900 [DEBUG] [org.gradle.launcher.daemon.server.Daemon] awaitExpiration() called on daemon
2025-03-12T00:12:26.716+0900 [DEBUG] [org.gradle.launcher.daemon.server.DaemonStateCoordinator] daemon is running. Sleeping until state changes.
2025-03-12T00:12:26.718+0900 [DEBUG] [org.gradle.internal.remote.internal.inet.TcpIncomingConnector] Accepted connection from /127.0.0.1:50564 to /127.0.0.1:50563.
2025-03-12T00:12:26.738+0900 [DEBUG] [org.gradle.launcher.daemon.server.SynchronizedDispatchConnection] thread 21: received class org.gradle.launcher.daemon.protocol.Build
2025-03-12T00:12:26.738+0900 [DEBUG] [org.gradle.launcher.daemon.server.DefaultDaemonConnection] thread 21: Received non-IO message from client: Build{id=87d94b0f-d4ae-42a7-b00a-22a3d7acb7a6, currentDir=/Users/beomseoklee/workspace/firstProject/webproject}
2025-03-12T00:12:26.739+0900 [INFO] [org.gradle.launcher.daemon.server.DefaultIncomingConnectionHandler] Received command: Build{id=87d94b0f-d4ae-42a7-b00a-22a3d7acb7a6, currentDir=/Users/beomseoklee/workspace/firstProject/webproject}.
2025-03-12T00:12:26.739+0900 [DEBUG] [org.gradle.launcher.daemon.server.DefaultIncomingConnectionHandler] Starting executing command: Build{id=87d94b0f-d4ae-42a7-b00a-22a3d7acb7a6, currentDir=/Users/beomseoklee/workspace/firstProject/webproject} with connection: socket connection from /127.0.0.1:50563 to /127.0.0.1:50564.
2025-03-12T00:12:26.740+0900 [DEBUG] [org.gradle.launcher.daemon.server.DaemonStateCoordinator] Command execution: started DaemonCommandExecution[command = Build{id=87d94b0f-d4ae-42a7-b00a-22a3d7acb7a6, currentDir=/Users/beomseoklee/workspace/firstProject/webproject}, connection = DefaultDaemonConnection: socket connection from /127.0.0.1:50563 to /127.0.0.1:50564] after 0.0010833333333333333 minutes of idle
2025-03-12T00:12:26.740+0900 [INFO] [org.gradle.launcher.daemon.server.DaemonRegistryUpdater] Marking the daemon as busy, address: [33a11083-1549-4640-9e3f-03c4614a15b4 port:50563, addresses:[localhost/127.0.0.1]]
2025-03-12T00:12:26.740+0900 [DEBUG] [org.gradle.launcher.daemon.registry.PersistentDaemonRegistry] Marking busy by address: [33a11083-1549-4640-9e3f-03c4614a15b4 port:50563, addresses:[localhost/127.0.0.1]]
2025-03-12T00:12:26.740+0900 [DEBUG] [org.gradle.cache.internal.DefaultFileLockManager] Waiting to acquire exclusive lock on daemon addresses registry.
2025-03-12T00:12:26.740+0900 [DEBUG] [org.gradle.cache.internal.DefaultFileLockManager] Lock acquired on daemon addresses registry.
2025-03-12T00:12:26.741+0900 [DEBUG] [org.gradle.cache.internal.DefaultFileLockManager] Releasing lock on daemon addresses registry.
2025-03-12T00:12:26.741+0900 [DEBUG] [org.gradle.launcher.daemon.server.DaemonStateCoordinator] resetting idle timer
2025-03-12T00:12:26.741+0900 [DEBUG] [org.gradle.launcher.daemon.server.DaemonStateCoordinator] daemon is running. Sleeping until state changes.
2025-03-12T00:12:26.741+0900 [INFO] [org.gradle.launcher.daemon.server.exec.StartBuildOrRespondWithBusy] Daemon is about to start building Build{id=87d94b0f-d4ae-42a7-b00a-22a3d7acb7a6, currentDir=/Users/beomseoklee/workspace/firstProject/webproject}. Dispatching build started information...
2025-03-12T00:12:26.741+0900 [DEBUG] [org.gradle.launcher.daemon.server.SynchronizedDispatchConnection] thread 23: dispatching org.gradle.launcher.daemon.protocol.BuildStarted@23bf7ae7
2025-03-12T00:12:26.742+0900 [DEBUG] [org.gradle.launcher.daemon.server.exec.EstablishBuildEnvironment] Configuring env variables: [PATH, __CFBundleIdentifier, SHELL, PAGER, LSCOLORS, JAVA_HOME, OLDPWD, USER, ZSH, COMMAND_MODE, TMPDIR, SSH_AUTH_SOCK, XPC_FLAGS, __CF_USER_TEXT_ENCODING, LESS, LOGNAME, LC_CTYPE, LS_COLORS, XPC_SERVICE_NAME, HOME]
2025-03-12T00:12:26.743+0900 [DEBUG] [org.gradle.launcher.daemon.server.exec.LogToClient] About to start relaying all logs to the client via the connection.
2025-03-12T00:12:26.744+0900 [INFO] [org.gradle.launcher.daemon.server.exec.LogToClient] The client will now receive all logging from the daemon (pid: 15674). The daemon log file: /Users/beomseoklee/workspace/firstProject/webproject/daemon/8.11.1/daemon-15674.out.log
2025-03-12T00:12:26.744+0900 [INFO] [org.gradle.launcher.daemon.server.exec.LogAndCheckHealth] Starting build in new daemon [memory: 512 MiB]
2025-03-12T00:12:26.745+0900 [DEBUG] [org.gradle.launcher.daemon.server.exec.ExecuteBuild] The daemon has started executing the build.
2025-03-12T00:12:26.745+0900 [DEBUG] [org.gradle.launcher.daemon.server.exec.ExecuteBuild] Executing build with daemon context: DefaultDaemonContext[uid=38b0a4b0-1160-40f8-9a4a-648467563a95,javaHome=/Library/Java/JavaVirtualMachines/jdk-17.jdk/Contents/Home,javaVersion=17,javaVendor=Oracle Corporation,daemonRegistryDir=/Users/beomseoklee/workspace/firstProject/webproject/daemon,pid=15674,idleTimeout=10800000,priority=NORMAL,applyInstrumentationAgent=true,nativeServicesMode=ENABLED,daemonOpts=-XX:MaxMetaspaceSize=384m,-XX:+HeapDumpOnOutOfMemoryError,-Xms256m,-Xmx512m,-Dfile.encoding=UTF-8,-Duser.country=US,-Duser.language=en,-Duser.variant]

BUILD SUCCESSFUL in 2s
2025-03-12T00:12:28.395+0900 [DEBUG] [org.gradle.launcher.daemon.server.exec.ExecuteBuild] The daemon has finished executing the build.
2025-03-12T00:12:28.397+0900 [DEBUG] [org.gradle.launcher.daemon.server.DaemonStateCoordinator] daemon is running. Sleeping until state changes.
2025-03-12T00:12:28.398+0900 [DEBUG] [org.gradle.launcher.daemon.server.DaemonStateCoordinator] Command execution: finished waiting for DaemonCommandExecution[command = Build{id=87d94b0f-d4ae-42a7-b00a-22a3d7acb7a6, currentDir=/Users/beomseoklee/workspace/firstProject/webproject}, connection = DefaultDaemonConnection: socket connection from /127.0.0.1:50563 to /127.0.0.1:50564]. Result org.gradle.launcher.daemon.server.DaemonStateCoordinator@54dbf1bd with state Busy
2025-03-12T00:12:28.398+0900 [DEBUG] [org.gradle.launcher.daemon.server.DaemonStateCoordinator] Command execution: completed DaemonCommandExecution[command = Build{id=87d94b0f-d4ae-42a7-b00a-22a3d7acb7a6, currentDir=/Users/beomseoklee/workspace/firstProject/webproject}, connection = DefaultDaemonConnection: socket connection from /127.0.0.1:50563 to /127.0.0.1:50564]
2025-03-12T00:12:28.398+0900 [DEBUG] [org.gradle.launcher.daemon.server.DaemonStateCoordinator] resetting idle timer
2025-03-12T00:12:28.398+0900 [INFO] [org.gradle.launcher.daemon.server.DaemonRegistryUpdater] Marking the daemon as idle, address: [33a11083-1549-4640-9e3f-03c4614a15b4 port:50563, addresses:[localhost/127.0.0.1]]
2025-03-12T00:12:28.398+0900 [DEBUG] [org.gradle.launcher.daemon.registry.PersistentDaemonRegistry] Marking busy by address: [33a11083-1549-4640-9e3f-03c4614a15b4 port:50563, addresses:[localhost/127.0.0.1]]
2025-03-12T00:12:28.398+0900 [DEBUG] [org.gradle.cache.internal.DefaultFileLockManager] Waiting to acquire exclusive lock on daemon addresses registry.
2025-03-12T00:12:28.398+0900 [DEBUG] [org.gradle.cache.internal.DefaultFileLockManager] Lock acquired on daemon addresses registry.
2025-03-12T00:12:28.399+0900 [DEBUG] [org.gradle.cache.internal.DefaultFileLockManager] Releasing lock on daemon addresses registry.
2025-03-12T00:12:28.399+0900 [DEBUG] [org.gradle.launcher.daemon.server.DaemonStateCoordinator] daemon is running. Sleeping until state changes.
2025-03-12T00:12:28.399+0900 [DEBUG] [org.gradle.launcher.daemon.server.exec.ReturnResult] Daemon is dispatching the build result: Success[value=org.gradle.launcher.exec.BuildActionResult@2a2263f5]
2025-03-12T00:12:28.399+0900 [DEBUG] [org.gradle.launcher.daemon.server.SynchronizedDispatchConnection] thread 20: dispatching Success[value=org.gradle.launcher.exec.BuildActionResult@2a2263f5]
2025-03-12T00:12:28.399+0900 [DEBUG] [org.gradle.launcher.daemon.server.exec.CleanUpVirtualFileSystemAfterBuild] Cleaning virtual file system after build finished
2025-03-12T00:12:28.399+0900 [DEBUG] [org.gradle.launcher.daemon.server.DefaultIncomingConnectionHandler] Finishing executing command: Build{id=87d94b0f-d4ae-42a7-b00a-22a3d7acb7a6, currentDir=/Users/beomseoklee/workspace/firstProject/webproject}
2025-03-12T00:12:28.399+0900 [DEBUG] [org.gradle.launcher.daemon.server.SynchronizedDispatchConnection] thread 21: received class org.gradle.launcher.daemon.protocol.CloseInput
2025-03-12T00:12:28.399+0900 [DEBUG] [org.gradle.launcher.daemon.server.DefaultDaemonConnection] thread 21: Received IO message from client: org.gradle.launcher.daemon.protocol.CloseInput@5e09eea4
2025-03-12T00:12:28.400+0900 [DEBUG] [org.gradle.launcher.daemon.server.SynchronizedDispatchConnection] thread 21: received class org.gradle.launcher.daemon.protocol.Finished
2025-03-12T00:12:28.400+0900 [DEBUG] [org.gradle.launcher.daemon.server.DefaultDaemonConnection] thread 21: Received non-IO message from client: org.gradle.launcher.daemon.protocol.Finished@6a2f65bd
2025-03-12T00:12:28.400+0900 [DEBUG] [org.gradle.launcher.daemon.server.DefaultIncomingConnectionHandler] Received finished message: org.gradle.launcher.daemon.protocol.Finished@6a2f65bd
2025-03-12T00:12:28.400+0900 [DEBUG] [org.gradle.launcher.daemon.server.SynchronizedDispatchConnection] thread 20: stopping connection
2025-03-12T00:12:28.400+0900 [DEBUG] [org.gradle.internal.remote.internal.inet.SocketConnection] Discarding EOFException: java.io.EOFException
2025-03-12T00:12:28.400+0900 [DEBUG] [org.gradle.launcher.daemon.server.SynchronizedDispatchConnection] thread 21: received null
2025-03-12T00:12:28.400+0900 [DEBUG] [org.gradle.launcher.daemon.server.DefaultDaemonConnection] thread 21: Received end-of-input from client.
2025-03-12T00:12:28.401+0900 [DEBUG] [org.gradle.launcher.daemon.server.SynchronizedDispatchConnection] thread 20: stopping connection
2025-03-12T00:12:36.722+0900 [DEBUG] [org.gradle.cache.internal.DefaultFileLockManager] Waiting to acquire shared lock on daemon addresses registry.
2025-03-12T00:12:36.722+0900 [DEBUG] [org.gradle.cache.internal.DefaultFileLockManager] Lock acquired on daemon addresses registry.
2025-03-12T00:12:36.723+0900 [DEBUG] [org.gradle.cache.internal.DefaultFileLockManager] Releasing lock on daemon addresses registry.
2025-03-12T00:12:36.723+0900 [DEBUG] [org.gradle.cache.internal.DefaultFileLockManager] Waiting to acquire shared lock on daemon addresses registry.
2025-03-12T00:12:36.724+0900 [DEBUG] [org.gradle.cache.internal.DefaultFileLockManager] Lock acquired on daemon addresses registry.
2025-03-12T00:12:36.724+0900 [DEBUG] [org.gradle.cache.internal.DefaultFileLockManager] Releasing lock on daemon addresses registry.
2025-03-12T00:12:46.722+0900 [DEBUG] [org.gradle.cache.internal.DefaultFileLockManager] Waiting to acquire shared lock on daemon addresses registry.
2025-03-12T00:12:46.722+0900 [DEBUG] [org.gradle.cache.internal.DefaultFileLockManager] Lock acquired on daemon addresses registry.
2025-03-12T00:12:46.723+0900 [DEBUG] [org.gradle.cache.internal.DefaultFileLockManager] Releasing lock on daemon addresses registry.
2025-03-12T00:12:46.724+0900 [DEBUG] [org.gradle.cache.internal.DefaultFileLockManager] Waiting to acquire shared lock on daemon addresses registry.
2025-03-12T00:12:46.725+0900 [DEBUG] [org.gradle.cache.internal.DefaultFileLockManager] Lock acquired on daemon addresses registry.
2025-03-12T00:12:46.726+0900 [DEBUG] [org.gradle.cache.internal.DefaultFileLockManager] Releasing lock on daemon addresses registry.
2025-03-12T00:12:46.726+0900 [DEBUG] [org.gradle.cache.internal.DefaultFileLockManager] Waiting to acquire shared lock on daemon addresses registry.
2025-03-12T00:12:46.727+0900 [DEBUG] [org.gradle.cache.internal.DefaultFileLockManager] Lock acquired on daemon addresses registry.
2025-03-12T00:12:46.727+0900 [DEBUG] [org.gradle.cache.internal.DefaultFileLockManager] Releasing lock on daemon addresses registry.
2025-03-12T00:12:56.721+0900 [DEBUG] [org.gradle.cache.internal.DefaultFileLockManager] Waiting to acquire shared lock on daemon addresses registry.
2025-03-12T00:12:56.722+0900 [DEBUG] [org.gradle.cache.internal.DefaultFileLockManager] Lock acquired on daemon addresses registry.
2025-03-12T00:12:56.723+0900 [DEBUG] [org.gradle.cache.internal.DefaultFileLockManager] Releasing lock on daemon addresses registry.
2025-03-12T00:12:56.724+0900 [DEBUG] [org.gradle.cache.internal.DefaultFileLockManager] Waiting to acquire shared lock on daemon addresses registry.
2025-03-12T00:12:56.724+0900 [DEBUG] [org.gradle.cache.internal.DefaultFileLockManager] Lock acquired on daemon addresses registry.
2025-03-12T00:12:56.725+0900 [DEBUG] [org.gradle.cache.internal.DefaultFileLockManager] Releasing lock on daemon addresses registry.
2025-03-12T00:12:56.726+0900 [DEBUG] [org.gradle.cache.internal.DefaultFileLockManager] Waiting to acquire shared lock on daemon addresses registry.
2025-03-12T00:12:56.726+0900 [DEBUG] [org.gradle.cache.internal.DefaultFileLockManager] Lock acquired on daemon addresses registry.
2025-03-12T00:12:56.726+0900 [DEBUG] [org.gradle.cache.internal.DefaultFileLockManager] Releasing lock on daemon addresses registry.
2025-03-12T00:13:06.717+0900 [DEBUG] [org.gradle.cache.internal.DefaultFileLockManager] Waiting to acquire shared lock on daemon addresses registry.
2025-03-12T00:13:06.717+0900 [DEBUG] [org.gradle.cache.internal.DefaultFileLockManager] Lock acquired on daemon addresses registry.
2025-03-12T00:13:06.718+0900 [DEBUG] [org.gradle.cache.internal.DefaultFileLockManager] Releasing lock on daemon addresses registry.
2025-03-12T00:13:06.719+0900 [DEBUG] [org.gradle.cache.internal.DefaultFileLockManager] Waiting to acquire shared lock on daemon addresses registry.
2025-03-12T00:13:06.719+0900 [DEBUG] [org.gradle.cache.internal.DefaultFileLockManager] Lock acquired on daemon addresses registry.
2025-03-12T00:13:06.719+0900 [DEBUG] [org.gradle.cache.internal.DefaultFileLockManager] Releasing lock on daemon addresses registry.
2025-03-12T00:13:06.719+0900 [DEBUG] [org.gradle.cache.internal.DefaultFileLockManager] Waiting to acquire shared lock on daemon addresses registry.
2025-03-12T00:13:06.719+0900 [DEBUG] [org.gradle.cache.internal.DefaultFileLockManager] Lock acquired on daemon addresses registry.
2025-03-12T00:13:06.719+0900 [DEBUG] [org.gradle.cache.internal.DefaultFileLockManager] Releasing lock on daemon addresses registry.
2025-03-12T00:13:16.720+0900 [DEBUG] [org.gradle.cache.internal.DefaultFileLockManager] Waiting to acquire shared lock on daemon addresses registry.
2025-03-12T00:13:16.720+0900 [DEBUG] [org.gradle.cache.internal.DefaultFileLockManager] Lock acquired on daemon addresses registry.
2025-03-12T00:13:16.721+0900 [DEBUG] [org.gradle.cache.internal.DefaultFileLockManager] Releasing lock on daemon addresses registry.
2025-03-12T00:13:16.722+0900 [DEBUG] [org.gradle.cache.internal.DefaultFileLockManager] Waiting to acquire shared lock on daemon addresses registry.
2025-03-12T00:13:16.722+0900 [DEBUG] [org.gradle.cache.internal.DefaultFileLockManager] Lock acquired on daemon addresses registry.
2025-03-12T00:13:16.722+0900 [DEBUG] [org.gradle.cache.internal.DefaultFileLockManager] Releasing lock on daemon addresses registry.
2025-03-12T00:13:16.722+0900 [DEBUG] [org.gradle.cache.internal.DefaultFileLockManager] Waiting to acquire shared lock on daemon addresses registry.
2025-03-12T00:13:16.723+0900 [DEBUG] [org.gradle.cache.internal.DefaultFileLockManager] Lock acquired on daemon addresses registry.
2025-03-12T00:13:16.723+0900 [DEBUG] [org.gradle.cache.internal.DefaultFileLockManager] Releasing lock on daemon addresses registry.
2025-03-12T00:13:26.721+0900 [DEBUG] [org.gradle.cache.internal.DefaultFileLockManager] Waiting to acquire shared lock on daemon addresses registry.
2025-03-12T00:13:26.722+0900 [DEBUG] [org.gradle.cache.internal.DefaultFileLockManager] Lock acquired on daemon addresses registry.
2025-03-12T00:13:26.723+0900 [DEBUG] [org.gradle.cache.internal.DefaultFileLockManager] Releasing lock on daemon addresses registry.
2025-03-12T00:13:26.724+0900 [DEBUG] [org.gradle.cache.internal.DefaultFileLockManager] Waiting to acquire shared lock on daemon addresses registry.
2025-03-12T00:13:26.725+0900 [DEBUG] [org.gradle.cache.internal.DefaultFileLockManager] Lock acquired on daemon addresses registry.
2025-03-12T00:13:26.725+0900 [DEBUG] [org.gradle.cache.internal.DefaultFileLockManager] Releasing lock on daemon addresses registry.
2025-03-12T00:13:26.726+0900 [DEBUG] [org.gradle.cache.internal.DefaultFileLockManager] Waiting to acquire shared lock on daemon addresses registry.
2025-03-12T00:13:26.726+0900 [DEBUG] [org.gradle.cache.internal.DefaultFileLockManager] Lock acquired on daemon addresses registry.
2025-03-12T00:13:26.727+0900 [DEBUG] [org.gradle.cache.internal.DefaultFileLockManager] Releasing lock on daemon addresses registry.
2025-03-12T00:13:36.720+0900 [DEBUG] [org.gradle.cache.internal.DefaultFileLockManager] Waiting to acquire shared lock on daemon addresses registry.
2025-03-12T00:13:36.721+0900 [DEBUG] [org.gradle.cache.internal.DefaultFileLockManager] Lock acquired on daemon addresses registry.
2025-03-12T00:13:36.721+0900 [DEBUG] [org.gradle.cache.internal.DefaultFileLockManager] Releasing lock on daemon addresses registry.
2025-03-12T00:13:36.722+0900 [DEBUG] [org.gradle.cache.internal.DefaultFileLockManager] Waiting to acquire shared lock on daemon addresses registry.
2025-03-12T00:13:36.722+0900 [DEBUG] [org.gradle.cache.internal.DefaultFileLockManager] Lock acquired on daemon addresses registry.
2025-03-12T00:13:36.722+0900 [DEBUG] [org.gradle.cache.internal.DefaultFileLockManager] Releasing lock on daemon addresses registry.
2025-03-12T00:13:36.723+0900 [DEBUG] [org.gradle.cache.internal.DefaultFileLockManager] Waiting to acquire shared lock on daemon addresses registry.
2025-03-12T00:13:36.723+0900 [DEBUG] [org.gradle.cache.internal.DefaultFileLockManager] Lock acquired on daemon addresses registry.
2025-03-12T00:13:36.723+0900 [DEBUG] [org.gradle.cache.internal.DefaultFileLockManager] Releasing lock on daemon addresses registry.
2025-03-12T00:13:46.719+0900 [DEBUG] [org.gradle.cache.internal.DefaultFileLockManager] Waiting to acquire shared lock on daemon addresses registry.
2025-03-12T00:13:46.719+0900 [DEBUG] [org.gradle.cache.internal.DefaultFileLockManager] Lock acquired on daemon addresses registry.
2025-03-12T00:13:46.720+0900 [DEBUG] [org.gradle.cache.internal.DefaultFileLockManager] Releasing lock on daemon addresses registry.
2025-03-12T00:13:46.720+0900 [DEBUG] [org.gradle.cache.internal.DefaultFileLockManager] Waiting to acquire shared lock on daemon addresses registry.
2025-03-12T00:13:46.721+0900 [DEBUG] [org.gradle.cache.internal.DefaultFileLockManager] Lock acquired on daemon addresses registry.
2025-03-12T00:13:46.721+0900 [DEBUG] [org.gradle.cache.internal.DefaultFileLockManager] Releasing lock on daemon addresses registry.
2025-03-12T00:13:46.722+0900 [DEBUG] [org.gradle.cache.internal.DefaultFileLockManager] Waiting to acquire shared lock on daemon addresses registry.
2025-03-12T00:13:46.722+0900 [DEBUG] [org.gradle.cache.internal.DefaultFileLockManager] Lock acquired on daemon addresses registry.
2025-03-12T00:13:46.722+0900 [DEBUG] [org.gradle.cache.internal.DefaultFileLockManager] Releasing lock on daemon addresses registry.
2025-03-12T00:13:56.717+0900 [DEBUG] [org.gradle.cache.internal.DefaultFileLockManager] Waiting to acquire shared lock on daemon addresses registry.
2025-03-12T00:13:56.718+0900 [DEBUG] [org.gradle.cache.internal.DefaultFileLockManager] Lock acquired on daemon addresses registry.
2025-03-12T00:13:56.718+0900 [DEBUG] [org.gradle.cache.internal.DefaultFileLockManager] Releasing lock on daemon addresses registry.
2025-03-12T00:13:56.719+0900 [DEBUG] [org.gradle.cache.internal.DefaultFileLockManager] Waiting to acquire shared lock on daemon addresses registry.
2025-03-12T00:13:56.719+0900 [DEBUG] [org.gradle.cache.internal.DefaultFileLockManager] Lock acquired on daemon addresses registry.
2025-03-12T00:13:56.719+0900 [DEBUG] [org.gradle.cache.internal.DefaultFileLockManager] Releasing lock on daemon addresses registry.
2025-03-12T00:13:56.719+0900 [DEBUG] [org.gradle.cache.internal.DefaultFileLockManager] Waiting to acquire shared lock on daemon addresses registry.
2025-03-12T00:13:56.720+0900 [DEBUG] [org.gradle.cache.internal.DefaultFileLockManager] Lock acquired on daemon addresses registry.
2025-03-12T00:13:56.720+0900 [DEBUG] [org.gradle.cache.internal.DefaultFileLockManager] Releasing lock on daemon addresses registry.
2025-03-12T00:14:06.722+0900 [DEBUG] [org.gradle.cache.internal.DefaultFileLockManager] Waiting to acquire shared lock on daemon addresses registry.
2025-03-12T00:14:06.725+0900 [DEBUG] [org.gradle.cache.internal.DefaultFileLockManager] Lock acquired on daemon addresses registry.
2025-03-12T00:14:06.730+0900 [DEBUG] [org.gradle.cache.internal.DefaultFileLockManager] Releasing lock on daemon addresses registry.
2025-03-12T00:14:06.731+0900 [DEBUG] [org.gradle.cache.internal.DefaultFileLockManager] Waiting to acquire shared lock on daemon addresses registry.
2025-03-12T00:14:06.731+0900 [DEBUG] [org.gradle.cache.internal.DefaultFileLockManager] Lock acquired on daemon addresses registry.
2025-03-12T00:14:06.732+0900 [DEBUG] [org.gradle.cache.internal.DefaultFileLockManager] Releasing lock on daemon addresses registry.
2025-03-12T00:14:06.732+0900 [DEBUG] [org.gradle.cache.internal.DefaultFileLockManager] Waiting to acquire shared lock on daemon addresses registry.
2025-03-12T00:14:06.733+0900 [DEBUG] [org.gradle.cache.internal.DefaultFileLockManager] Lock acquired on daemon addresses registry.
2025-03-12T00:14:06.733+0900 [DEBUG] [org.gradle.cache.internal.DefaultFileLockManager] Releasing lock on daemon addresses registry.
2025-03-12T00:14:16.721+0900 [DEBUG] [org.gradle.cache.internal.DefaultFileLockManager] Waiting to acquire shared lock on daemon addresses registry.
2025-03-12T00:14:16.722+0900 [DEBUG] [org.gradle.cache.internal.DefaultFileLockManager] Lock acquired on daemon addresses registry.
2025-03-12T00:14:16.723+0900 [DEBUG] [org.gradle.cache.internal.DefaultFileLockManager] Releasing lock on daemon addresses registry.
2025-03-12T00:14:16.724+0900 [DEBUG] [org.gradle.cache.internal.DefaultFileLockManager] Waiting to acquire shared lock on daemon addresses registry.
2025-03-12T00:14:16.725+0900 [DEBUG] [org.gradle.cache.internal.DefaultFileLockManager] Lock acquired on daemon addresses registry.
2025-03-12T00:14:16.725+0900 [DEBUG] [org.gradle.cache.internal.DefaultFileLockManager] Releasing lock on daemon addresses registry.
2025-03-12T00:14:16.727+0900 [DEBUG] [org.gradle.cache.internal.DefaultFileLockManager] Waiting to acquire shared lock on daemon addresses registry.
2025-03-12T00:14:16.727+0900 [DEBUG] [org.gradle.cache.internal.DefaultFileLockManager] Lock acquired on daemon addresses registry.
2025-03-12T00:14:16.728+0900 [DEBUG] [org.gradle.cache.internal.DefaultFileLockManager] Releasing lock on daemon addresses registry.
2025-03-12T00:14:26.721+0900 [DEBUG] [org.gradle.cache.internal.DefaultFileLockManager] Waiting to acquire shared lock on daemon addresses registry.
2025-03-12T00:14:26.722+0900 [DEBUG] [org.gradle.cache.internal.DefaultFileLockManager] Lock acquired on daemon addresses registry.
2025-03-12T00:14:26.723+0900 [DEBUG] [org.gradle.cache.internal.DefaultFileLockManager] Releasing lock on daemon addresses registry.
2025-03-12T00:14:26.725+0900 [DEBUG] [org.gradle.cache.internal.DefaultFileLockManager] Waiting to acquire shared lock on daemon addresses registry.
2025-03-12T00:14:26.725+0900 [DEBUG] [org.gradle.cache.internal.DefaultFileLockManager] Lock acquired on daemon addresses registry.
2025-03-12T00:14:26.726+0900 [DEBUG] [org.gradle.cache.internal.DefaultFileLockManager] Releasing lock on daemon addresses registry.
2025-03-12T00:14:26.726+0900 [DEBUG] [org.gradle.cache.internal.DefaultFileLockManager] Waiting to acquire shared lock on daemon addresses registry.
2025-03-12T00:14:26.727+0900 [DEBUG] [org.gradle.cache.internal.DefaultFileLockManager] Lock acquired on daemon addresses registry.
2025-03-12T00:14:26.728+0900 [DEBUG] [org.gradle.cache.internal.DefaultFileLockManager] Releasing lock on daemon addresses registry.
2025-03-12T00:14:36.718+0900 [DEBUG] [org.gradle.cache.internal.DefaultFileLockManager] Waiting to acquire shared lock on daemon addresses registry.
2025-03-12T00:14:36.718+0900 [DEBUG] [org.gradle.cache.internal.DefaultFileLockManager] Lock acquired on daemon addresses registry.
2025-03-12T00:14:36.720+0900 [DEBUG] [org.gradle.cache.internal.DefaultFileLockManager] Releasing lock on daemon addresses registry.
2025-03-12T00:14:36.721+0900 [DEBUG] [org.gradle.cache.internal.DefaultFileLockManager] Waiting to acquire shared lock on daemon addresses registry.
2025-03-12T00:14:36.721+0900 [DEBUG] [org.gradle.cache.internal.DefaultFileLockManager] Lock acquired on daemon addresses registry.
2025-03-12T00:14:36.721+0900 [DEBUG] [org.gradle.cache.internal.DefaultFileLockManager] Releasing lock on daemon addresses registry.
2025-03-12T00:14:36.723+0900 [DEBUG] [org.gradle.cache.internal.DefaultFileLockManager] Waiting to acquire shared lock on daemon addresses registry.
2025-03-12T00:14:36.723+0900 [DEBUG] [org.gradle.cache.internal.DefaultFileLockManager] Lock acquired on daemon addresses registry.
2025-03-12T00:14:36.723+0900 [DEBUG] [org.gradle.cache.internal.DefaultFileLockManager] Releasing lock on daemon addresses registry.
2025-03-12T00:14:36.724+0900 [DEBUG] [org.gradle.launcher.daemon.server.DaemonRegistryUpdater] Storing daemon stop event: after the daemon was no longer found in the daemon registry
2025-03-12T00:14:36.724+0900 [DEBUG] [org.gradle.launcher.daemon.registry.PersistentDaemonRegistry] Storing daemon stop event with timestamp 1741706076724
2025-03-12T00:14:36.725+0900 [DEBUG] [org.gradle.cache.internal.DefaultFileLockManager] Waiting to acquire exclusive lock on daemon addresses registry.
2025-03-12T00:14:36.726+0900 [DEBUG] [org.gradle.cache.internal.DefaultFileLockManager] Lock acquired on daemon addresses registry.
2025-03-12T00:14:36.727+0900 [DEBUG] [org.gradle.cache.internal.DefaultFileLockManager] Releasing lock on daemon addresses registry.
2025-03-12T00:14:36.727+0900 [LIFECYCLE] [org.gradle.launcher.daemon.server.DaemonStateCoordinator] Daemon will be stopped at the end of the build after the daemon was no longer found in the daemon registry
2025-03-12T00:14:36.728+0900 [DEBUG] [org.gradle.launcher.daemon.server.DaemonStateCoordinator] Marking daemon stopped due to after the daemon was no longer found in the daemon registry. The daemon is not running a build
2025-03-12T00:14:36.728+0900 [DEBUG] [org.gradle.launcher.daemon.server.DaemonStateCoordinator] daemon has stopped.
2025-03-12T00:14:36.728+0900 [DEBUG] [org.gradle.launcher.daemon.server.Daemon] stop() called on daemon
2025-03-12T00:14:36.729+0900 [INFO] [org.gradle.launcher.daemon.server.Daemon] Stop requested. Daemon is removing its presence from the registry...
2025-03-12T00:14:36.730+0900 [DEBUG] [org.gradle.launcher.daemon.server.DaemonRegistryUpdater] Removing our presence to clients, eg. removing this address from the registry: [33a11083-1549-4640-9e3f-03c4614a15b4 port:50563, addresses:[localhost/127.0.0.1]]
2025-03-12T00:14:36.731+0900 [DEBUG] [org.gradle.launcher.daemon.registry.PersistentDaemonRegistry] Removing daemon address: [33a11083-1549-4640-9e3f-03c4614a15b4 port:50563, addresses:[localhost/127.0.0.1]]
2025-03-12T00:14:36.732+0900 [DEBUG] [org.gradle.cache.internal.DefaultFileLockManager] Waiting to acquire exclusive lock on daemon addresses registry.
2025-03-12T00:14:36.732+0900 [DEBUG] [org.gradle.cache.internal.DefaultFileLockManager] Lock acquired on daemon addresses registry.
2025-03-12T00:14:36.734+0900 [DEBUG] [org.gradle.cache.internal.DefaultFileLockManager] Releasing lock on daemon addresses registry.
2025-03-12T00:14:36.735+0900 [DEBUG] [org.gradle.launcher.daemon.server.DaemonRegistryUpdater] Address removed from registry.
2025-03-12T00:14:36.742+0900 [DEBUG] [org.gradle.cache.internal.LockOnDemandCrossProcessCacheAccess] Releasing file lock for jars (/Users/beomseoklee/workspace/firstProject/webproject/caches/jars-9)
2025-03-12T00:14:36.743+0900 [DEBUG] [org.gradle.cache.internal.DefaultFileLockManager] Releasing lock on jars (/Users/beomseoklee/workspace/firstProject/webproject/caches/jars-9).
2025-03-12T00:14:36.743+0900 [DEBUG] [org.gradle.cache.internal.DefaultCacheCleanupExecutor] jars (/Users/beomseoklee/workspace/firstProject/webproject/caches/jars-9) has last been fully cleaned up 436 hours ago
2025-03-12T00:14:36.744+0900 [DEBUG] [org.gradle.internal.operations.DefaultBuildOperationRunner] Build operation 'Clean up jars (/Users/beomseoklee/workspace/firstProject/webproject/caches/jars-9)' started
2025-03-12T00:14:36.747+0900 [INFO] [org.gradle.cache.internal.AbstractCacheCleanup] jars (/Users/beomseoklee/workspace/firstProject/webproject/caches/jars-9) cleanup deleted 0 files/directories.
2025-03-12T00:14:36.747+0900 [INFO] [org.gradle.cache.internal.LeastRecentlyUsedCacheCleanup] jars (/Users/beomseoklee/workspace/firstProject/webproject/caches/jars-9) removing files not accessed on or after Wed Mar 05 00:14:36 KST 2025.
2025-03-12T00:14:36.774+0900 [INFO] [org.gradle.cache.internal.AbstractCacheCleanup] jars (/Users/beomseoklee/workspace/firstProject/webproject/caches/jars-9) cleanup deleted 2 files/directories.
2025-03-12T00:14:36.774+0900 [DEBUG] [org.gradle.internal.operations.DefaultBuildOperationRunner] Completing Build operation 'Clean up jars (/Users/beomseoklee/workspace/firstProject/webproject/caches/jars-9)'
2025-03-12T00:14:36.774+0900 [DEBUG] [org.gradle.internal.operations.DefaultBuildOperationRunner] Build operation 'Clean up jars (/Users/beomseoklee/workspace/firstProject/webproject/caches/jars-9)' completed
2025-03-12T00:14:36.774+0900 [INFO] [org.gradle.cache.internal.DefaultCacheCleanupExecutor] jars (/Users/beomseoklee/workspace/firstProject/webproject/caches/jars-9) cleaned up in 0.03 secs.
2025-03-12T00:14:36.774+0900 [DEBUG] [org.gradle.cache.internal.LockOnDemandCrossProcessCacheAccess] Releasing file lock for file content cache (/Users/beomseoklee/workspace/firstProject/webproject/caches/8.11.1/fileContent)
2025-03-12T00:14:36.774+0900 [DEBUG] [org.gradle.cache.internal.DefaultFileLockManager] Releasing lock on file content cache (/Users/beomseoklee/workspace/firstProject/webproject/caches/8.11.1/fileContent).
2025-03-12T00:14:36.775+0900 [DEBUG] [org.gradle.internal.watch.vfs.impl.WatchingVirtualFileSystem] Closing VFS, dropping state
2025-03-12T00:14:36.775+0900 [DEBUG] [org.gradle.internal.watch.registry.impl.DefaultFileWatcherRegistry] Finished listening to file system change events
2025-03-12T00:14:36.775+0900 [DEBUG] [org.gradle.cache.internal.DefaultCacheCoordinator] Cache Generated Gradle JARs cache (/Users/beomseoklee/workspace/firstProject/webproject/caches/8.11.1/generated-gradle-jars) was closed 0 times.
2025-03-12T00:14:36.775+0900 [DEBUG] [org.gradle.cache.internal.LockOnDemandCrossProcessCacheAccess] Releasing file lock for artifact cache (/Users/beomseoklee/workspace/firstProject/webproject/caches/modules-2)
2025-03-12T00:14:36.776+0900 [DEBUG] [org.gradle.cache.internal.DefaultFileLockManager] Releasing lock on artifact cache (/Users/beomseoklee/workspace/firstProject/webproject/caches/modules-2).
2025-03-12T00:14:36.776+0900 [DEBUG] [org.gradle.cache.internal.DefaultCacheCleanupExecutor] artifact cache (/Users/beomseoklee/workspace/firstProject/webproject/caches/modules-2) has last been fully cleaned up 436 hours ago
2025-03-12T00:14:36.776+0900 [DEBUG] [org.gradle.internal.operations.DefaultBuildOperationRunner] Build operation 'Clean up artifact cache (/Users/beomseoklee/workspace/firstProject/webproject/caches/modules-2)' started
2025-03-12T00:14:36.776+0900 [INFO] [org.gradle.cache.internal.AbstractCacheCleanup] artifact cache (/Users/beomseoklee/workspace/firstProject/webproject/caches/modules-2) cleanup deleted 0 files/directories.
2025-03-12T00:14:36.776+0900 [INFO] [org.gradle.cache.internal.AbstractCacheCleanup] artifact cache (/Users/beomseoklee/workspace/firstProject/webproject/caches/modules-2) [subdir: /Users/beomseoklee/workspace/firstProject/webproject/caches/modules-2/resources-2.1] cleanup deleted 0 files/directories.
2025-03-12T00:14:36.776+0900 [INFO] [org.gradle.cache.internal.LeastRecentlyUsedCacheCleanup] artifact cache (/Users/beomseoklee/workspace/firstProject/webproject/caches/modules-2) [subdir: /Users/beomseoklee/workspace/firstProject/webproject/caches/modules-2/resources-2.1] removing files not accessed on or after Mon Feb 10 00:14:36 KST 2025.
2025-03-12T00:14:36.777+0900 [INFO] [org.gradle.cache.internal.AbstractCacheCleanup] artifact cache (/Users/beomseoklee/workspace/firstProject/webproject/caches/modules-2) [subdir: /Users/beomseoklee/workspace/firstProject/webproject/caches/modules-2/resources-2.1] cleanup deleted 0 files/directories.
2025-03-12T00:14:36.777+0900 [INFO] [org.gradle.cache.internal.AbstractCacheCleanup] artifact cache (/Users/beomseoklee/workspace/firstProject/webproject/caches/modules-2) [subdir: /Users/beomseoklee/workspace/firstProject/webproject/caches/modules-2/files-2.1] cleanup deleted 0 files/directories.
2025-03-12T00:14:36.777+0900 [INFO] [org.gradle.cache.internal.LeastRecentlyUsedCacheCleanup] artifact cache (/Users/beomseoklee/workspace/firstProject/webproject/caches/modules-2) [subdir: /Users/beomseoklee/workspace/firstProject/webproject/caches/modules-2/files-2.1] removing files not accessed on or after Mon Feb 10 00:14:36 KST 2025.
2025-03-12T00:14:36.806+0900 [INFO] [org.gradle.cache.internal.AbstractCacheCleanup] artifact cache (/Users/beomseoklee/workspace/firstProject/webproject/caches/modules-2) [subdir: /Users/beomseoklee/workspace/firstProject/webproject/caches/modules-2/files-2.1] cleanup deleted 2 files/directories.
2025-03-12T00:14:36.806+0900 [INFO] [org.gradle.cache.internal.AbstractCacheCleanup] artifact cache (/Users/beomseoklee/workspace/firstProject/webproject/caches/modules-2) [subdir: /Users/beomseoklee/workspace/firstProject/webproject/caches/modules-2/metadata-2.107] cleanup deleted 0 files/directories.
2025-03-12T00:14:36.806+0900 [INFO] [org.gradle.cache.internal.AbstractCacheCleanup] artifact cache (/Users/beomseoklee/workspace/firstProject/webproject/caches/modules-2) cleanup deleted 0 files/directories.
2025-03-12T00:14:36.806+0900 [DEBUG] [org.gradle.internal.operations.DefaultBuildOperationRunner] Completing Build operation 'Clean up artifact cache (/Users/beomseoklee/workspace/firstProject/webproject/caches/modules-2)'
2025-03-12T00:14:36.806+0900 [DEBUG] [org.gradle.internal.operations.DefaultBuildOperationRunner] Build operation 'Clean up artifact cache (/Users/beomseoklee/workspace/firstProject/webproject/caches/modules-2)' completed
2025-03-12T00:14:36.806+0900 [INFO] [org.gradle.cache.internal.DefaultCacheCleanupExecutor] artifact cache (/Users/beomseoklee/workspace/firstProject/webproject/caches/modules-2) cleaned up in 0.03 secs.
2025-03-12T00:14:36.806+0900 [DEBUG] [org.gradle.cache.internal.DefaultCacheCleanupExecutor] groovy-dsl (/Users/beomseoklee/workspace/firstProject/webproject/caches/8.11.1/groovy-dsl) has last been fully cleaned up 436 hours ago
2025-03-12T00:14:36.807+0900 [DEBUG] [org.gradle.internal.operations.DefaultBuildOperationRunner] Build operation 'Clean up groovy-dsl (/Users/beomseoklee/workspace/firstProject/webproject/caches/8.11.1/groovy-dsl)' started
2025-03-12T00:14:36.807+0900 [INFO] [org.gradle.cache.internal.LeastRecentlyUsedCacheCleanup] groovy-dsl (/Users/beomseoklee/workspace/firstProject/webproject/caches/8.11.1/groovy-dsl) removing files not accessed on or after Wed Mar 05 00:14:36 KST 2025.
2025-03-12T00:14:36.810+0900 [INFO] [org.gradle.cache.internal.AbstractCacheCleanup] groovy-dsl (/Users/beomseoklee/workspace/firstProject/webproject/caches/8.11.1/groovy-dsl) cleanup deleted 2 files/directories.
2025-03-12T00:14:36.810+0900 [DEBUG] [org.gradle.internal.operations.DefaultBuildOperationRunner] Completing Build operation 'Clean up groovy-dsl (/Users/beomseoklee/workspace/firstProject/webproject/caches/8.11.1/groovy-dsl)'
2025-03-12T00:14:36.810+0900 [DEBUG] [org.gradle.internal.operations.DefaultBuildOperationRunner] Build operation 'Clean up groovy-dsl (/Users/beomseoklee/workspace/firstProject/webproject/caches/8.11.1/groovy-dsl)' completed
2025-03-12T00:14:36.810+0900 [INFO] [org.gradle.cache.internal.DefaultCacheCleanupExecutor] groovy-dsl (/Users/beomseoklee/workspace/firstProject/webproject/caches/8.11.1/groovy-dsl) cleaned up in 0.003 secs.
2025-03-12T00:14:36.810+0900 [DEBUG] [org.gradle.cache.internal.DefaultCacheCoordinator] Cache groovy-dsl (/Users/beomseoklee/workspace/firstProject/webproject/caches/8.11.1/groovy-dsl) was closed 0 times.
2025-03-12T00:14:36.810+0900 [DEBUG] [org.gradle.cache.internal.DefaultCacheCleanupExecutor] Artifact transforms cache (/Users/beomseoklee/workspace/firstProject/webproject/caches/8.11.1/transforms) has last been fully cleaned up 436 hours ago
2025-03-12T00:14:36.810+0900 [DEBUG] [org.gradle.internal.operations.DefaultBuildOperationRunner] Build operation 'Clean up Artifact transforms cache (/Users/beomseoklee/workspace/firstProject/webproject/caches/8.11.1/transforms)' started
2025-03-12T00:14:36.810+0900 [INFO] [org.gradle.cache.internal.LeastRecentlyUsedCacheCleanup] Artifact transforms cache (/Users/beomseoklee/workspace/firstProject/webproject/caches/8.11.1/transforms) removing files not accessed on or after Wed Mar 05 00:14:36 KST 2025.
2025-03-12T00:14:36.865+0900 [INFO] [org.gradle.cache.internal.AbstractCacheCleanup] Artifact transforms cache (/Users/beomseoklee/workspace/firstProject/webproject/caches/8.11.1/transforms) cleanup deleted 121 files/directories.
2025-03-12T00:14:36.865+0900 [DEBUG] [org.gradle.internal.operations.DefaultBuildOperationRunner] Completing Build operation 'Clean up Artifact transforms cache (/Users/beomseoklee/workspace/firstProject/webproject/caches/8.11.1/transforms)'
2025-03-12T00:14:36.865+0900 [DEBUG] [org.gradle.internal.operations.DefaultBuildOperationRunner] Build operation 'Clean up Artifact transforms cache (/Users/beomseoklee/workspace/firstProject/webproject/caches/8.11.1/transforms)' completed
2025-03-12T00:14:36.865+0900 [INFO] [org.gradle.cache.internal.DefaultCacheCleanupExecutor] Artifact transforms cache (/Users/beomseoklee/workspace/firstProject/webproject/caches/8.11.1/transforms) cleaned up in 0.055 secs.
2025-03-12T00:14:36.865+0900 [DEBUG] [org.gradle.cache.internal.DefaultCacheCoordinator] Cache Artifact transforms cache (/Users/beomseoklee/workspace/firstProject/webproject/caches/8.11.1/transforms) was closed 0 times.
2025-03-12T00:14:36.865+0900 [DEBUG] [org.gradle.cache.internal.LockOnDemandCrossProcessCacheAccess] Releasing file lock for journal cache (/Users/beomseoklee/workspace/firstProject/webproject/caches/journal-1)
2025-03-12T00:14:36.866+0900 [DEBUG] [org.gradle.cache.internal.btree.BTreePersistentIndexedCache] Closing cache file-access.bin (/Users/beomseoklee/workspace/firstProject/webproject/caches/journal-1/file-access.bin)
2025-03-12T00:14:36.866+0900 [DEBUG] [org.gradle.cache.internal.DefaultFileLockManager] Releasing lock on journal cache (/Users/beomseoklee/workspace/firstProject/webproject/caches/journal-1).
2025-03-12T00:14:36.866+0900 [DEBUG] [org.gradle.cache.internal.LockOnDemandCrossProcessCacheAccess] Releasing file lock for file hash cache (/Users/beomseoklee/workspace/firstProject/webproject/caches/8.11.1/fileHashes)
2025-03-12T00:14:36.866+0900 [DEBUG] [org.gradle.cache.internal.btree.BTreePersistentIndexedCache] Closing cache fileHashes.bin (/Users/beomseoklee/workspace/firstProject/webproject/caches/8.11.1/fileHashes/fileHashes.bin)
2025-03-12T00:14:36.866+0900 [DEBUG] [org.gradle.cache.internal.btree.BTreePersistentIndexedCache] Closing cache resourceHashesCache.bin (/Users/beomseoklee/workspace/firstProject/webproject/caches/8.11.1/fileHashes/resourceHashesCache.bin)
2025-03-12T00:14:36.866+0900 [DEBUG] [org.gradle.cache.internal.DefaultFileLockManager] Releasing lock on file hash cache (/Users/beomseoklee/workspace/firstProject/webproject/caches/8.11.1/fileHashes).
2025-03-12T00:14:36.867+0900 [DEBUG] [org.gradle.internal.operations.DefaultBuildOperationRunner] Build operation 'Deleting unused version-specific caches in /Users/beomseoklee/workspace/firstProject/webproject/caches' started
2025-03-12T00:14:36.867+0900 [DEBUG] [org.gradle.cache.internal.VersionSpecificCacheCleanupAction] Processed version-specific caches at /Users/beomseoklee/workspace/firstProject/webproject/caches for cleanup in 0.0 secs
2025-03-12T00:14:36.867+0900 [DEBUG] [org.gradle.internal.operations.DefaultBuildOperationRunner] Completing Build operation 'Deleting unused version-specific caches in /Users/beomseoklee/workspace/firstProject/webproject/caches'
2025-03-12T00:14:36.867+0900 [DEBUG] [org.gradle.internal.operations.DefaultBuildOperationRunner] Build operation 'Deleting unused version-specific caches in /Users/beomseoklee/workspace/firstProject/webproject/caches' completed
2025-03-12T00:14:36.867+0900 [DEBUG] [org.gradle.internal.operations.DefaultBuildOperationRunner] Build operation 'Deleting unused Gradle distributions in /Users/beomseoklee/workspace/firstProject/webproject/wrapper/dists' started
2025-03-12T00:14:36.868+0900 [DEBUG] [org.gradle.internal.operations.DefaultBuildOperationRunner] Completing Build operation 'Deleting unused Gradle distributions in /Users/beomseoklee/workspace/firstProject/webproject/wrapper/dists'
2025-03-12T00:14:36.868+0900 [DEBUG] [org.gradle.internal.operations.DefaultBuildOperationRunner] Build operation 'Deleting unused Gradle distributions in /Users/beomseoklee/workspace/firstProject/webproject/wrapper/dists' completed
2025-03-12T00:14:36.868+0900 [DEBUG] [org.gradle.launcher.daemon.server.Daemon] stop() called on daemon
2025-03-12T00:14:36.868+0900 [INFO] [org.gradle.launcher.daemon.server.Daemon] Stop requested. Daemon is removing its presence from the registry...
2025-03-12T00:14:36.868+0900 [DEBUG] [org.gradle.launcher.daemon.server.DaemonRegistryUpdater] Removing our presence to clients, eg. removing this address from the registry: [33a11083-1549-4640-9e3f-03c4614a15b4 port:50563, addresses:[localhost/127.0.0.1]]
2025-03-12T00:14:36.868+0900 [DEBUG] [org.gradle.launcher.daemon.registry.PersistentDaemonRegistry] Removing daemon address: [33a11083-1549-4640-9e3f-03c4614a15b4 port:50563, addresses:[localhost/127.0.0.1]]
2025-03-12T00:14:36.868+0900 [DEBUG] [org.gradle.cache.internal.DefaultFileLockManager] Waiting to acquire exclusive lock on daemon addresses registry.
2025-03-12T00:14:36.868+0900 [DEBUG] [org.gradle.cache.internal.DefaultFileLockManager] Lock acquired on daemon addresses registry.
2025-03-12T00:14:36.868+0900 [DEBUG] [org.gradle.cache.internal.DefaultFileLockManager] Releasing lock on daemon addresses registry.
2025-03-12T00:14:36.869+0900 [DEBUG] [org.gradle.launcher.daemon.server.DaemonRegistryUpdater] Address removed from registry.
2025-03-12T00:14:36.869+0900 [DEBUG] [org.gradle.cache.internal.locklistener.DefaultFileLockContentionHandler] File lock listener thread completed.
Daemon vm is shutting down... The daemon has exited normally or was terminated in response to a user interrupt.
2025-03-12T00:14:36.869+0900 [DEBUG] [org.gradle.launcher.daemon.registry.PersistentDaemonRegistry] Removing daemon address: [33a11083-1549-4640-9e3f-03c4614a15b4 port:50563, addresses:[localhost/127.0.0.1]]
2025-03-12T00:14:36.869+0900 [DEBUG] [org.gradle.launcher.daemon.server.Daemon] VM shutdown hook was unable to remove the daemon address from the registry. It will be cleaned up later.
java.lang.IllegalStateException: Cannot start managing file contention because this handler has been closed.
	at org.gradle.cache.internal.locklistener.DefaultFileLockContentionHandler.assertNotStopped(DefaultFileLockContentionHandler.java:217)
	at org.gradle.cache.internal.locklistener.DefaultFileLockContentionHandler.getCommunicator(DefaultFileLockContentionHandler.java:260)
	at org.gradle.cache.internal.locklistener.DefaultFileLockContentionHandler.reservePort(DefaultFileLockContentionHandler.java:254)
	at org.gradle.cache.internal.DefaultFileLockManager.lock(DefaultFileLockManager.java:124)
	at org.gradle.cache.internal.DefaultFileLockManager.lock(DefaultFileLockManager.java:106)
	at org.gradle.cache.internal.DefaultFileLockManager.lock(DefaultFileLockManager.java:101)
	at org.gradle.cache.internal.OnDemandFileAccess.updateFile(OnDemandFileAccess.java:51)
	at org.gradle.cache.internal.FileBackedObjectHolder.update(FileBackedObjectHolder.java:77)
	at org.gradle.cache.internal.FileIntegrityViolationSuppressingObjectHolderDecorator.lambda$update$0(FileIntegrityViolationSuppressingObjectHolderDecorator.java:48)
	at org.gradle.cache.internal.FileIntegrityViolationSuppressingObjectHolderDecorator.doUpdate(FileIntegrityViolationSuppressingObjectHolderDecorator.java:58)
	at org.gradle.cache.internal.FileIntegrityViolationSuppressingObjectHolderDecorator.update(FileIntegrityViolationSuppressingObjectHolderDecorator.java:48)
	at org.gradle.launcher.daemon.registry.PersistentDaemonRegistry.remove(PersistentDaemonRegistry.java:133)
	at org.gradle.launcher.daemon.server.Daemon$1.run(Daemon.java:133)
	at java.base/java.lang.Thread.run(Thread.java:842)
